INFO:root:Search Configuration:
Opponent: GREEDY
Rounds: 10
Fair Matches: True
Time Limit: 150
Processes: 2
Debug Mode: False
INFO:sample_players:[Errno 2] No such file or directory: 'data.pickle'
INFO:sample_players:[Errno 2] No such file or directory: 'data.pickle'
INFO:isolation:Initial game state: Isolation(board=41523161203939122082683632224299007, ply_count=0, locs=(None, None))
First agent: Agent(agent_class=<class 'sample_players.GreedyPlayer'>, name='Greedy Agent')
Second agent: Agent(agent_class=<class 'my_custom_player.CustomPlayer'>, name='Custom TestAgent')

INFO:isolation:Initial game state: Isolation(board=41523161203939122082683632224299007, ply_count=0, locs=(None, None))
First agent: Agent(agent_class=<class 'my_custom_player.CustomPlayer'>, name='Custom TestAgent')
Second agent: Agent(agent_class=<class 'sample_players.GreedyPlayer'>, name='Greedy Agent')

INFO:isolation:Status: Status.GAME_OVER
Final State: Isolation(board=35676776211749200136664240044615543, ply_count=53, locs=(7, 67))
History: [101, 28, <Action.ENE: 11>, <Action.WNW: 15>, <Action.ESE: -15>, <Action.NNE: 25>, <Action.ESE: -15>, <Action.SSE: -27>, <Action.NNW: 27>, <Action.WSW: -11>, <Action.ESE: -15>, <Action.WNW: 15>, <Action.WSW: -11>, <Action.WSW: -11>, <Action.WNW: 15>, <Action.NNE: 25>, <Action.WSW: -11>, <Action.ESE: -15>, <Action.SSE: -27>, <Action.ESE: -15>, <Action.WNW: 15>, <Action.NNE: 25>, <Action.NNE: 25>, <Action.NNW: 27>, <Action.SSE: -27>, <Action.WNW: 15>, <Action.ESE: -15>, <Action.SSE: -27>, <Action.SSW: -25>, <Action.ENE: 11>, <Action.ESE: -15>, <Action.WNW: 15>, <Action.ESE: -15>, <Action.WSW: -11>, <Action.ENE: 11>, <Action.WNW: 15>, <Action.NNE: 25>, <Action.SSE: -27>, <Action.NNW: 27>, <Action.SSW: -25>, <Action.WSW: -11>, <Action.ESE: -15>, <Action.WNW: 15>, <Action.WSW: -11>, <Action.WNW: 15>, <Action.NNE: 25>, <Action.WSW: -11>, <Action.ESE: -15>, <Action.SSW: -25>, <Action.ENE: 11>, <Action.SSE: -27>, <Action.NNE: 25>, <Action.ESE: -15>]
Winner: Agent(agent_class=<class 'sample_players.GreedyPlayer'>, name='Greedy Agent')
Loser: Agent(agent_class=<class 'my_custom_player.CustomPlayer'>, name='Custom TestAgent')

INFO:sample_players:[Errno 2] No such file or directory: 'data.pickle'
INFO:isolation:Initial game state: Isolation(board=41523161203939122082683632224299007, ply_count=0, locs=(None, None))
First agent: Agent(agent_class=<class 'sample_players.GreedyPlayer'>, name='Greedy Agent')
Second agent: Agent(agent_class=<class 'my_custom_player.CustomPlayer'>, name='Custom TestAgent')

INFO:isolation:Status: Status.GAME_OVER
Final State: Isolation(board=3472100024101599361954919083829180, ply_count=62, locs=(20, 114))
History: [28, 106, <Action.WNW: 15>, <Action.ESE: -15>, <Action.NNE: 25>, <Action.WSW: -11>, <Action.SSE: -27>, <Action.ESE: -15>, <Action.WSW: -11>, <Action.SSW: -25>, <Action.WNW: 15>, <Action.SSW: -25>, <Action.WSW: -11>, <Action.ESE: -15>, <Action.NNE: 25>, <Action.NNW: 27>, <Action.NNE: 25>, <Action.WSW: -11>, <Action.WSW: -11>, <Action.ESE: -15>, <Action.SSE: -27>, <Action.NNE: 25>, <Action.NNE: 25>, <Action.NNW: 27>, <Action.ENE: 11>, <Action.WSW: -11>, <Action.ESE: -15>, <Action.WNW: 15>, <Action.NNW: 27>, <Action.WNW: 15>, <Action.WSW: -11>, <Action.WSW: -11>, <Action.SSW: -25>, <Action.NNW: 27>, <Action.SSW: -25>, <Action.NNE: 25>, <Action.ENE: 11>, <Action.ESE: -15>, <Action.ESE: -15>, <Action.WSW: -11>, <Action.NNE: 25>, <Action.NNE: 25>, <Action.NNW: 27>, <Action.ESE: -15>, <Action.WNW: 15>, <Action.ENE: 11>, <Action.WSW: -11>, <Action.ESE: -15>, <Action.WSW: -11>, <Action.SSE: -27>, <Action.SSE: -27>, <Action.WSW: -11>, <Action.ESE: -15>, <Action.WNW: 15>, <Action.WSW: -11>, <Action.NNE: 25>, <Action.ESE: -15>, <Action.WNW: 15>, <Action.NNE: 25>, <Action.WSW: -11>, <Action.WSW: -11>, <Action.WNW: 15>]
Winner: Agent(agent_class=<class 'sample_players.GreedyPlayer'>, name='Greedy Agent')
Loser: Agent(agent_class=<class 'my_custom_player.CustomPlayer'>, name='Custom TestAgent')

INFO:sample_players:[Errno 2] No such file or directory: 'data.pickle'
INFO:isolation:Initial game state: Isolation(board=41523161203939122082683632224299007, ply_count=0, locs=(None, None))
First agent: Agent(agent_class=<class 'my_custom_player.CustomPlayer'>, name='Custom TestAgent')
Second agent: Agent(agent_class=<class 'sample_players.GreedyPlayer'>, name='Greedy Agent')

INFO:isolation:Status: Status.GAME_OVER
Final State: Isolation(board=39920320857253286305667365803599866, ply_count=50, locs=(98, 95))
History: [28, 107, <Action.WNW: 15>, <Action.ESE: -15>, <Action.NNE: 25>, <Action.SSE: -27>, <Action.SSE: -27>, <Action.WNW: 15>, <Action.WSW: -11>, <Action.NNE: 25>, <Action.WNW: 15>, <Action.SSE: -27>, <Action.WSW: -11>, <Action.WNW: 15>, <Action.NNE: 25>, <Action.ENE: 11>, <Action.NNE: 25>, <Action.SSW: -25>, <Action.WSW: -11>, <Action.NNW: 27>, <Action.SSE: -27>, <Action.SSW: -25>, <Action.NNE: 25>, <Action.SSE: -27>, <Action.SSE: -27>, <Action.ESE: -15>, <Action.WSW: -11>, <Action.SSW: -25>, <Action.NNE: 25>, <Action.WNW: 15>, <Action.WSW: -11>, <Action.SSE: -27>, <Action.NNE: 25>, <Action.NNE: 25>, <Action.NNE: 25>, <Action.SSE: -27>, <Action.WSW: -11>, <Action.WNW: 15>, <Action.WSW: -11>, <Action.NNW: 27>, <Action.ESE: -15>, <Action.NNE: 25>, <Action.NNE: 25>, <Action.SSE: -27>, <Action.NNE: 25>, <Action.WNW: 15>, <Action.SSE: -27>, <Action.WNW: 15>, <Action.WNW: 15>, <Action.NNE: 25>]
Winner: Agent(agent_class=<class 'sample_players.GreedyPlayer'>, name='Greedy Agent')
Loser: Agent(agent_class=<class 'my_custom_player.CustomPlayer'>, name='Custom TestAgent')

INFO:sample_players:[Errno 2] No such file or directory: 'data.pickle'
INFO:isolation:Initial game state: Isolation(board=41523161203939122082683632224299007, ply_count=0, locs=(None, None))
First agent: Agent(agent_class=<class 'sample_players.GreedyPlayer'>, name='Greedy Agent')
Second agent: Agent(agent_class=<class 'my_custom_player.CustomPlayer'>, name='Custom TestAgent')

INFO:isolation:Status: Status.GAME_OVER
Final State: Isolation(board=40813048987959647359261243193976361, ply_count=56, locs=(16, 1))
History: [109, 28, <Action.ESE: -15>, <Action.WNW: 15>, <Action.ENE: 11>, <Action.NNE: 25>, <Action.SSE: -27>, <Action.SSE: -27>, <Action.WNW: 15>, <Action.WSW: -11>, <Action.ENE: 11>, <Action.WNW: 15>, <Action.SSW: -25>, <Action.WSW: -11>, <Action.SSE: -27>, <Action.NNE: 25>, <Action.SSW: -25>, <Action.ESE: -15>, <Action.SSW: -25>, <Action.WSW: -11>, <Action.WNW: 15>, <Action.NNE: 25>, <Action.WSW: -11>, <Action.WSW: -11>, <Action.WNW: 15>, <Action.NNE: 25>, <Action.ENE: 11>, <Action.NNE: 25>, <Action.SSW: -25>, <Action.WSW: -11>, <Action.ENE: 11>, <Action.ESE: -15>, <Action.ENE: 11>, <Action.SSW: -25>, <Action.SSW: -25>, <Action.NNW: 27>, <Action.WNW: 15>, <Action.ENE: 11>, <Action.WSW: -11>, <Action.ENE: 11>, <Action.WNW: 15>, <Action.ESE: -15>, <Action.NNE: 25>, <Action.SSW: -25>, <Action.NNW: 27>, <Action.ESE: -15>, <Action.ESE: -15>, <Action.NNW: 27>, <Action.SSW: -25>, <Action.SSW: -25>, <Action.ESE: -15>, <Action.SSE: -27>, <Action.ENE: 11>, <Action.ENE: 11>, <Action.ESE: -15>, <Action.SSW: -25>]
Winner: Agent(agent_class=<class 'my_custom_player.CustomPlayer'>, name='Custom TestAgent')
Loser: Agent(agent_class=<class 'sample_players.GreedyPlayer'>, name='Greedy Agent')

INFO:sample_players:[Errno 2] No such file or directory: 'data.pickle'
INFO:isolation:Initial game state: Isolation(board=41523161203939122082683632224299007, ply_count=0, locs=(None, None))
First agent: Agent(agent_class=<class 'my_custom_player.CustomPlayer'>, name='Custom TestAgent')
Second agent: Agent(agent_class=<class 'sample_players.GreedyPlayer'>, name='Greedy Agent')

INFO:isolation:Status: Status.GAME_OVER
Final State: Isolation(board=36225973105881151808353140803109506, ply_count=71, locs=(91, 73))
History: [28, 101, <Action.WNW: 15>, <Action.ENE: 11>, <Action.NNE: 25>, <Action.SSW: -25>, <Action.SSE: -27>, <Action.SSW: -25>, <Action.WSW: -11>, <Action.ESE: -15>, <Action.WNW: 15>, <Action.ESE: -15>, <Action.WSW: -11>, <Action.NNE: 25>, <Action.NNE: 25>, <Action.ESE: -15>, <Action.ESE: -15>, <Action.SSW: -25>, <Action.ESE: -15>, <Action.ESE: -15>, <Action.NNE: 25>, <Action.ENE: 11>, <Action.NNW: 27>, <Action.NNW: 27>, <Action.WNW: 15>, <Action.WNW: 15>, <Action.SSW: -25>, <Action.ENE: 11>, <Action.SSW: -25>, <Action.SSE: -27>, <Action.ESE: -15>, <Action.SSW: -25>, <Action.NNW: 27>, <Action.WSW: -11>, <Action.NNE: 25>, <Action.WNW: 15>, <Action.ENE: 11>, <Action.WNW: 15>, <Action.SSE: -27>, <Action.SSE: -27>, <Action.WNW: 15>, <Action.WNW: 15>, <Action.WNW: 15>, <Action.WSW: -11>, <Action.WSW: -11>, <Action.NNE: 25>, <Action.SSW: -25>, <Action.ESE: -15>, <Action.NNW: 27>, <Action.ESE: -15>, <Action.ENE: 11>, <Action.ENE: 11>, <Action.ESE: -15>, <Action.ENE: 11>, <Action.ENE: 11>, <Action.SSE: -27>, <Action.ESE: -15>, <Action.WNW: 15>, <Action.SSE: -27>, <Action.WSW: -11>, <Action.NNE: 25>, <Action.WNW: 15>, <Action.WNW: 15>, <Action.WSW: -11>, <Action.ENE: 11>, <Action.WNW: 15>, <Action.SSW: -25>, <Action.NNE: 25>, <Action.NNW: 27>, <Action.NNE: 25>, <Action.ESE: -15>]
Winner: Agent(agent_class=<class 'my_custom_player.CustomPlayer'>, name='Custom TestAgent')
Loser: Agent(agent_class=<class 'sample_players.GreedyPlayer'>, name='Greedy Agent')

INFO:sample_players:[Errno 2] No such file or directory: 'data.pickle'
INFO:isolation:Initial game state: Isolation(board=41523161203939122082683632224299007, ply_count=0, locs=(None, None))
First agent: Agent(agent_class=<class 'sample_players.GreedyPlayer'>, name='Greedy Agent')
Second agent: Agent(agent_class=<class 'my_custom_player.CustomPlayer'>, name='Custom TestAgent')

INFO:isolation:Status: Status.GAME_OVER
Final State: Isolation(board=1544119758874499079177043976677097, ply_count=70, locs=(48, 44))
History: [112, 28, <Action.ESE: -15>, <Action.WNW: 15>, <Action.ENE: 11>, <Action.NNE: 25>, <Action.SSE: -27>, <Action.SSE: -27>, <Action.SSE: -27>, <Action.WSW: -11>, <Action.ENE: 11>, <Action.WNW: 15>, <Action.NNW: 27>, <Action.WSW: -11>, <Action.SSW: -25>, <Action.NNE: 25>, <Action.WSW: -11>, <Action.NNE: 25>, <Action.WNW: 15>, <Action.WSW: -11>, <Action.ENE: 11>, <Action.ESE: -15>, <Action.SSE: -27>, <Action.SSW: -25>, <Action.NNE: 25>, <Action.NNW: 27>, <Action.WSW: -11>, <Action.NNE: 25>, <Action.SSE: -27>, <Action.WSW: -11>, <Action.ESE: -15>, <Action.SSE: -27>, <Action.NNE: 25>, <Action.NNE: 25>, <Action.NNW: 27>, <Action.WSW: -11>, <Action.NNE: 25>, <Action.ESE: -15>, <Action.WSW: -11>, <Action.SSW: -25>, <Action.ESE: -15>, <Action.ENE: 11>, <Action.NNW: 27>, <Action.ESE: -15>, <Action.WSW: -11>, <Action.ESE: -15>, <Action.WNW: 15>, <Action.NNW: 27>, <Action.WSW: -11>, <Action.SSW: -25>, <Action.WSW: -11>, <Action.ENE: 11>, <Action.NNW: 27>, <Action.ENE: 11>, <Action.ESE: -15>, <Action.SSW: -25>, <Action.WSW: -11>, <Action.WNW: 15>, <Action.NNE: 25>, <Action.WNW: 15>, <Action.SSE: -27>, <Action.WSW: -11>, <Action.NNE: 25>, <Action.WNW: 15>, <Action.WSW: -11>, <Action.SSE: -27>, <Action.SSW: -25>, <Action.ENE: 11>, <Action.SSE: -27>, <Action.NNE: 25>]
Winner: Agent(agent_class=<class 'my_custom_player.CustomPlayer'>, name='Custom TestAgent')
Loser: Agent(agent_class=<class 'sample_players.GreedyPlayer'>, name='Greedy Agent')

INFO:sample_players:[Errno 2] No such file or directory: 'data.pickle'
INFO:isolation:Initial game state: Isolation(board=41523161203939122082683632224299007, ply_count=0, locs=(None, None))
First agent: Agent(agent_class=<class 'my_custom_player.CustomPlayer'>, name='Custom TestAgent')
Second agent: Agent(agent_class=<class 'sample_players.GreedyPlayer'>, name='Greedy Agent')

INFO:isolation:Status: Status.GAME_OVER
Final State: Isolation(board=37890916346905013712168019576842043, ply_count=44, locs=(109, 98))
History: [28, 75, <Action.WNW: 15>, <Action.NNE: 25>, <Action.NNE: 25>, <Action.ENE: 11>, <Action.SSE: -27>, <Action.ESE: -15>, <Action.WSW: -11>, <Action.SSW: -25>, <Action.WNW: 15>, <Action.ESE: -15>, <Action.WSW: -11>, <Action.SSW: -25>, <Action.NNE: 25>, <Action.SSW: -25>, <Action.NNE: 25>, <Action.NNW: 27>, <Action.ESE: -15>, <Action.ESE: -15>, <Action.ENE: 11>, <Action.WSW: -11>, <Action.SSW: -25>, <Action.NNE: 25>, <Action.NNW: 27>, <Action.ESE: -15>, <Action.ESE: -15>, <Action.ESE: -15>, <Action.SSE: -27>, <Action.NNE: 25>, <Action.SSW: -25>, <Action.NNE: 25>, <Action.ENE: 11>, <Action.NNW: 27>, <Action.NNW: 27>, <Action.NNE: 25>, <Action.NNE: 25>, <Action.WSW: -11>, <Action.NNW: 27>, <Action.WNW: 15>, <Action.WSW: -11>, <Action.SSW: -25>, <Action.WNW: 15>, <Action.WNW: 15>]
Winner: Agent(agent_class=<class 'my_custom_player.CustomPlayer'>, name='Custom TestAgent')
Loser: Agent(agent_class=<class 'sample_players.GreedyPlayer'>, name='Greedy Agent')

INFO:sample_players:[Errno 2] No such file or directory: 'data.pickle'
INFO:isolation:Initial game state: Isolation(board=41523161203939122082683632224299007, ply_count=0, locs=(None, None))
First agent: Agent(agent_class=<class 'sample_players.GreedyPlayer'>, name='Greedy Agent')
Second agent: Agent(agent_class=<class 'my_custom_player.CustomPlayer'>, name='Custom TestAgent')

INFO:isolation:Status: Status.GAME_OVER
Final State: Isolation(board=37566234111911880739950151408108731, ply_count=63, locs=(111, 82))
History: [110, 28, <Action.SSE: -27>, <Action.WNW: 15>, <Action.ENE: 11>, <Action.ENE: 11>, <Action.ENE: 11>, <Action.SSW: -25>, <Action.SSE: -27>, <Action.WNW: 15>, <Action.WNW: 15>, <Action.WSW: -11>, <Action.ENE: 11>, <Action.NNW: 27>, <Action.SSW: -25>, <Action.ESE: -15>, <Action.SSE: -27>, <Action.ESE: -15>, <Action.WNW: 15>, <Action.NNW: 27>, <Action.NNE: 25>, <Action.WSW: -11>, <Action.SSE: -27>, <Action.ESE: -15>, <Action.WNW: 15>, <Action.ENE: 11>, <Action.SSW: -25>, <Action.SSE: -27>, <Action.ESE: -15>, <Action.ENE: 11>, <Action.SSE: -27>, <Action.WNW: 15>, <Action.WSW: -11>, <Action.NNE: 25>, <Action.WNW: 15>, <Action.WNW: 15>, <Action.WSW: -11>, <Action.WNW: 15>, <Action.WNW: 15>, <Action.WSW: -11>, <Action.WNW: 15>, <Action.WSW: -11>, <Action.NNE: 25>, <Action.ESE: -15>, <Action.SSE: -27>, <Action.NNE: 25>, <Action.SSW: -25>, <Action.WSW: -11>, <Action.ENE: 11>, <Action.NNE: 25>, <Action.WNW: 15>, <Action.WSW: -11>, <Action.SSE: -27>, <Action.ESE: -15>, <Action.WNW: 15>, <Action.NNE: 25>, <Action.NNE: 25>, <Action.WSW: -11>, <Action.NNW: 27>, <Action.ESE: -15>, <Action.NNE: 25>, <Action.ENE: 11>, <Action.ENE: 11>]
Winner: Agent(agent_class=<class 'sample_players.GreedyPlayer'>, name='Greedy Agent')
Loser: Agent(agent_class=<class 'my_custom_player.CustomPlayer'>, name='Custom TestAgent')

INFO:sample_players:[Errno 2] No such file or directory: 'data.pickle'
INFO:isolation:Initial game state: Isolation(board=41523161203939122082683632224299007, ply_count=0, locs=(None, None))
First agent: Agent(agent_class=<class 'my_custom_player.CustomPlayer'>, name='Custom TestAgent')
Second agent: Agent(agent_class=<class 'sample_players.GreedyPlayer'>, name='Greedy Agent')

INFO:isolation:Status: Status.GAME_OVER
Final State: Isolation(board=23734383197688576193381055381980843, ply_count=66, locs=(74, 23))
History: [28, 113, <Action.WNW: 15>, <Action.ESE: -15>, <Action.NNE: 25>, <Action.WSW: -11>, <Action.SSE: -27>, <Action.NNE: 25>, <Action.WSW: -11>, <Action.SSE: -27>, <Action.WNW: 15>, <Action.ENE: 11>, <Action.WSW: -11>, <Action.ENE: 11>, <Action.NNE: 25>, <Action.ESE: -15>, <Action.NNE: 25>, <Action.SSW: -25>, <Action.ESE: -15>, <Action.ESE: -15>, <Action.ENE: 11>, <Action.SSW: -25>, <Action.SSW: -25>, <Action.WNW: 15>, <Action.WSW: -11>, <Action.ENE: 11>, <Action.ESE: -15>, <Action.NNE: 25>, <Action.NNE: 25>, <Action.WNW: 15>, <Action.NNW: 27>, <Action.ENE: 11>, <Action.NNE: 25>, <Action.SSW: -25>, <Action.WSW: -11>, <Action.WNW: 15>, <Action.WNW: 15>, <Action.WNW: 15>, <Action.SSE: -27>, <Action.SSE: -27>, <Action.WSW: -11>, <Action.WSW: -11>, <Action.SSW: -25>, <Action.ESE: -15>, <Action.ESE: -15>, <Action.SSW: -25>, <Action.WSW: -11>, <Action.SSW: -25>, <Action.NNE: 25>, <Action.ENE: 11>, <Action.WSW: -11>, <Action.ESE: -15>, <Action.NNE: 25>, <Action.ENE: 11>, <Action.SSE: -27>, <Action.NNW: 27>, <Action.WNW: 15>, <Action.SSW: -25>, <Action.NNE: 25>, <Action.WSW: -11>, <Action.WNW: 15>, <Action.WNW: 15>, <Action.ENE: 11>, <Action.WSW: -11>, <Action.SSW: -25>, <Action.WNW: 15>]
Winner: Agent(agent_class=<class 'sample_players.GreedyPlayer'>, name='Greedy Agent')
Loser: Agent(agent_class=<class 'my_custom_player.CustomPlayer'>, name='Custom TestAgent')

INFO:sample_players:[Errno 2] No such file or directory: 'data.pickle'
INFO:isolation:Initial game state: Isolation(board=41523161203939122082683632224299007, ply_count=0, locs=(None, None))
First agent: Agent(agent_class=<class 'sample_players.GreedyPlayer'>, name='Greedy Agent')
Second agent: Agent(agent_class=<class 'my_custom_player.CustomPlayer'>, name='Custom TestAgent')

INFO:isolation:Status: Status.GAME_OVER
Final State: Isolation(board=26105996616144936629504549696603803, ply_count=68, locs=(74, 39))
History: [91, 28, <Action.WSW: -11>, <Action.WNW: 15>, <Action.NNW: 27>, <Action.NNE: 25>, <Action.ESE: -15>, <Action.SSE: -27>, <Action.SSW: -25>, <Action.WSW: -11>, <Action.SSE: -27>, <Action.WNW: 15>, <Action.SSE: -27>, <Action.WSW: -11>, <Action.WSW: -11>, <Action.NNE: 25>, <Action.WNW: 15>, <Action.NNE: 25>, <Action.WSW: -11>, <Action.WSW: -11>, <Action.WNW: 15>, <Action.ESE: -15>, <Action.NNE: 25>, <Action.WSW: -11>, <Action.ESE: -15>, <Action.NNE: 25>, <Action.NNE: 25>, <Action.NNE: 25>, <Action.WNW: 15>, <Action.WSW: -11>, <Action.WSW: -11>, <Action.NNE: 25>, <Action.WNW: 15>, <Action.ESE: -15>, <Action.NNE: 25>, <Action.ESE: -15>, <Action.ESE: -15>, <Action.SSE: -27>, <Action.ESE: -15>, <Action.NNE: 25>, <Action.NNE: 25>, <Action.WNW: 15>, <Action.WNW: 15>, <Action.SSW: -25>, <Action.SSE: -27>, <Action.SSE: -27>, <Action.NNE: 25>, <Action.ESE: -15>, <Action.ESE: -15>, <Action.WSW: -11>, <Action.SSE: -27>, <Action.WSW: -11>, <Action.WSW: -11>, <Action.WNW: 15>, <Action.NNW: 27>, <Action.WNW: 15>, <Action.NNW: 27>, <Action.SSE: -27>, <Action.WSW: -11>, <Action.NNE: 25>, <Action.WNW: 15>, <Action.ESE: -15>, <Action.SSW: -25>, <Action.ENE: 11>, <Action.ENE: 11>, <Action.ESE: -15>, <Action.SSW: -25>, <Action.NNE: 25>]
Winner: Agent(agent_class=<class 'my_custom_player.CustomPlayer'>, name='Custom TestAgent')
Loser: Agent(agent_class=<class 'sample_players.GreedyPlayer'>, name='Greedy Agent')

INFO:sample_players:[Errno 2] No such file or directory: 'data.pickle'
INFO:isolation:Initial game state: Isolation(board=41523161203939122082683632224299007, ply_count=0, locs=(None, None))
First agent: Agent(agent_class=<class 'my_custom_player.CustomPlayer'>, name='Custom TestAgent')
Second agent: Agent(agent_class=<class 'sample_players.GreedyPlayer'>, name='Greedy Agent')

INFO:isolation:Status: Status.GAME_OVER
Final State: Isolation(board=41137448677654292336092912166021117, ply_count=42, locs=(98, 78))
History: [28, 108, <Action.WNW: 15>, <Action.SSE: -27>, <Action.NNE: 25>, <Action.ESE: -15>, <Action.WSW: -11>, <Action.NNW: 27>, <Action.ESE: -15>, <Action.ENE: 11>, <Action.NNE: 25>, <Action.SSW: -25>, <Action.WSW: -11>, <Action.WNW: 15>, <Action.SSE: -27>, <Action.ENE: 11>, <Action.WNW: 15>, <Action.SSW: -25>, <Action.WSW: -11>, <Action.WSW: -11>, <Action.NNW: 27>, <Action.ESE: -15>, <Action.NNE: 25>, <Action.ESE: -15>, <Action.ESE: -15>, <Action.SSW: -25>, <Action.WSW: -11>, <Action.NNW: 27>, <Action.SSW: -25>, <Action.ENE: 11>, <Action.NNW: 27>, <Action.SSW: -25>, <Action.NNE: 25>, <Action.WSW: -11>, <Action.ESE: -15>, <Action.ESE: -15>, <Action.SSW: -25>, <Action.NNE: 25>, <Action.NNW: 27>, <Action.NNW: 27>, <Action.NNE: 25>, <Action.NNE: 25>]
Winner: Agent(agent_class=<class 'sample_players.GreedyPlayer'>, name='Greedy Agent')
Loser: Agent(agent_class=<class 'my_custom_player.CustomPlayer'>, name='Custom TestAgent')

INFO:sample_players:[Errno 2] No such file or directory: 'data.pickle'
INFO:isolation:Initial game state: Isolation(board=41523161203939122082683632224299007, ply_count=0, locs=(None, None))
First agent: Agent(agent_class=<class 'sample_players.GreedyPlayer'>, name='Greedy Agent')
Second agent: Agent(agent_class=<class 'my_custom_player.CustomPlayer'>, name='Custom TestAgent')

INFO:isolation:Status: Status.GAME_OVER
Final State: Isolation(board=23245092271567562536530737300841867, ply_count=65, locs=(106, 80))
History: [28, 111, <Action.WNW: 15>, <Action.ESE: -15>, <Action.NNE: 25>, <Action.SSE: -27>, <Action.SSE: -27>, <Action.ESE: -15>, <Action.WSW: -11>, <Action.NNE: 25>, <Action.WNW: 15>, <Action.NNE: 25>, <Action.WSW: -11>, <Action.WSW: -11>, <Action.NNE: 25>, <Action.ESE: -15>, <Action.ESE: -15>, <Action.SSW: -25>, <Action.WSW: -11>, <Action.WSW: -11>, <Action.NNW: 27>, <Action.ESE: -15>, <Action.NNE: 25>, <Action.SSW: -25>, <Action.ESE: -15>, <Action.WNW: 15>, <Action.ENE: 11>, <Action.WSW: -11>, <Action.SSW: -25>, <Action.WNW: 15>, <Action.NNW: 27>, <Action.ENE: 11>, <Action.WSW: -11>, <Action.SSE: -27>, <Action.SSW: -25>, <Action.WNW: 15>, <Action.WNW: 15>, <Action.WSW: -11>, <Action.ENE: 11>, <Action.NNW: 27>, <Action.SSE: -27>, <Action.NNE: 25>, <Action.NNE: 25>, <Action.NNE: 25>, <Action.ENE: 11>, <Action.WNW: 15>, <Action.ESE: -15>, <Action.ENE: 11>, <Action.SSE: -27>, <Action.SSW: -25>, <Action.SSW: -25>, <Action.ENE: 11>, <Action.WSW: -11>, <Action.WNW: 15>, <Action.NNE: 25>, <Action.SSW: -25>, <Action.ESE: -15>, <Action.ENE: 11>, <Action.NNE: 25>, <Action.ESE: -15>, <Action.NNW: 27>, <Action.ENE: 11>, <Action.NNE: 25>, <Action.ESE: -15>, <Action.WNW: 15>]
Winner: Agent(agent_class=<class 'my_custom_player.CustomPlayer'>, name='Custom TestAgent')
Loser: Agent(agent_class=<class 'sample_players.GreedyPlayer'>, name='Greedy Agent')

INFO:sample_players:[Errno 2] No such file or directory: 'data.pickle'
INFO:isolation:Initial game state: Isolation(board=41523161203939122082683632224299007, ply_count=0, locs=(None, None))
First agent: Agent(agent_class=<class 'my_custom_player.CustomPlayer'>, name='Custom TestAgent')
Second agent: Agent(agent_class=<class 'sample_players.GreedyPlayer'>, name='Greedy Agent')

INFO:isolation:Status: Status.GAME_OVER
Final State: Isolation(board=34115330175482489374493407995110773, ply_count=76, locs=(75, 107))
History: [110, 28, <Action.WSW: -11>, <Action.WNW: 15>, <Action.ESE: -15>, <Action.NNE: 25>, <Action.NNE: 25>, <Action.SSE: -27>, <Action.ESE: -15>, <Action.WSW: -11>, <Action.WSW: -11>, <Action.WNW: 15>, <Action.SSE: -27>, <Action.WSW: -11>, <Action.WNW: 15>, <Action.NNE: 25>, <Action.ENE: 11>, <Action.ESE: -15>, <Action.ESE: -15>, <Action.WSW: -11>, <Action.ESE: -15>, <Action.NNE: 25>, <Action.SSW: -25>, <Action.WSW: -11>, <Action.WSW: -11>, <Action.ESE: -15>, <Action.ESE: -15>, <Action.WSW: -11>, <Action.NNE: 25>, <Action.NNE: 25>, <Action.NNW: 27>, <Action.WSW: -11>, <Action.NNE: 25>, <Action.NNE: 25>, <Action.WNW: 15>, <Action.NNE: 25>, <Action.ENE: 11>, <Action.ENE: 11>, <Action.SSW: -25>, <Action.ESE: -15>, <Action.NNW: 27>, <Action.SSE: -27>, <Action.ESE: -15>, <Action.SSW: -25>, <Action.SSW: -25>, <Action.ENE: 11>, <Action.SSE: -27>, <Action.SSW: -25>, <Action.SSW: -25>, <Action.NNW: 27>, <Action.WSW: -11>, <Action.WSW: -11>, <Action.WNW: 15>, <Action.WSW: -11>, <Action.WSW: -11>, <Action.WSW: -11>, <Action.WNW: 15>, <Action.NNW: 27>, <Action.NNW: 27>, <Action.NNE: 25>, <Action.NNE: 25>, <Action.NNE: 25>, <Action.NNW: 27>, <Action.ENE: 11>, <Action.ENE: 11>, <Action.SSE: -27>, <Action.SSW: -25>, <Action.NNE: 25>, <Action.SSW: -25>, <Action.ESE: -15>, <Action.ENE: 11>, <Action.ESE: -15>, <Action.NNW: 27>, <Action.NNW: 27>, <Action.SSW: -25>, <Action.WNW: 15>]
Winner: Agent(agent_class=<class 'my_custom_player.CustomPlayer'>, name='Custom TestAgent')
Loser: Agent(agent_class=<class 'sample_players.GreedyPlayer'>, name='Greedy Agent')

INFO:sample_players:[Errno 2] No such file or directory: 'data.pickle'
INFO:isolation:Initial game state: Isolation(board=41523161203939122082683632224299007, ply_count=0, locs=(None, None))
First agent: Agent(agent_class=<class 'sample_players.GreedyPlayer'>, name='Greedy Agent')
Second agent: Agent(agent_class=<class 'my_custom_player.CustomPlayer'>, name='Custom TestAgent')

INFO:isolation:Status: Status.GAME_OVER
Final State: Isolation(board=29433693193845784940555579157029975, ply_count=57, locs=(9, 27))
History: [69, 28, <Action.WNW: 15>, <Action.WNW: 15>, <Action.WSW: -11>, <Action.NNE: 25>, <Action.NNE: 25>, <Action.SSE: -27>, <Action.WNW: 15>, <Action.WSW: -11>, <Action.SSE: -27>, <Action.WNW: 15>, <Action.ENE: 11>, <Action.WSW: -11>, <Action.ENE: 11>, <Action.NNE: 25>, <Action.SSE: -27>, <Action.ESE: -15>, <Action.WSW: -11>, <Action.ESE: -15>, <Action.WNW: 15>, <Action.ENE: 11>, <Action.NNE: 25>, <Action.NNW: 27>, <Action.ESE: -15>, <Action.SSW: -25>, <Action.ENE: 11>, <Action.WSW: -11>, <Action.ESE: -15>, <Action.WNW: 15>, <Action.SSW: -25>, <Action.SSW: -25>, <Action.SSE: -27>, <Action.ENE: 11>, <Action.SSW: -25>, <Action.WNW: 15>, <Action.WSW: -11>, <Action.NNE: 25>, <Action.WNW: 15>, <Action.WNW: 15>, <Action.WSW: -11>, <Action.SSE: -27>, <Action.WNW: 15>, <Action.SSE: -27>, <Action.NNW: 27>, <Action.SSW: -25>, <Action.NNE: 25>, <Action.NNW: 27>, <Action.NNE: 25>, <Action.ESE: -15>, <Action.WSW: -11>, <Action.ESE: -15>, <Action.SSE: -27>, <Action.ENE: 11>, <Action.SSW: -25>, <Action.ENE: 11>, <Action.SSE: -27>]
Winner: Agent(agent_class=<class 'sample_players.GreedyPlayer'>, name='Greedy Agent')
Loser: Agent(agent_class=<class 'my_custom_player.CustomPlayer'>, name='Custom TestAgent')

INFO:sample_players:[Errno 2] No such file or directory: 'data.pickle'
INFO:isolation:Initial game state: Isolation(board=41523161203939122082683632224299007, ply_count=0, locs=(None, None))
First agent: Agent(agent_class=<class 'my_custom_player.CustomPlayer'>, name='Custom TestAgent')
Second agent: Agent(agent_class=<class 'sample_players.GreedyPlayer'>, name='Greedy Agent')

INFO:isolation:Status: Status.GAME_OVER
Final State: Isolation(board=36247565526783842578189523612361790, ply_count=68, locs=(87, 47))
History: [28, 100, <Action.WNW: 15>, <Action.ESE: -15>, <Action.NNE: 25>, <Action.ENE: 11>, <Action.SSE: -27>, <Action.SSW: -25>, <Action.WSW: -11>, <Action.SSW: -25>, <Action.WNW: 15>, <Action.ENE: 11>, <Action.WSW: -11>, <Action.SSW: -25>, <Action.NNE: 25>, <Action.SSW: -25>, <Action.NNE: 25>, <Action.WNW: 15>, <Action.ESE: -15>, <Action.NNW: 27>, <Action.ENE: 11>, <Action.NNE: 25>, <Action.SSW: -25>, <Action.NNE: 25>, <Action.ESE: -15>, <Action.SSE: -27>, <Action.WSW: -11>, <Action.ENE: 11>, <Action.NNE: 25>, <Action.SSW: -25>, <Action.NNW: 27>, <Action.WNW: 15>, <Action.NNE: 25>, <Action.WSW: -11>, <Action.SSE: -27>, <Action.SSE: -27>, <Action.WNW: 15>, <Action.SSE: -27>, <Action.SSE: -27>, <Action.WNW: 15>, <Action.SSW: -25>, <Action.NNE: 25>, <Action.WSW: -11>, <Action.SSE: -27>, <Action.ESE: -15>, <Action.ESE: -15>, <Action.ENE: 11>, <Action.ENE: 11>, <Action.SSE: -27>, <Action.NNW: 27>, <Action.WNW: 15>, <Action.WSW: -11>, <Action.ENE: 11>, <Action.NNW: 27>, <Action.NNW: 27>, <Action.WNW: 15>, <Action.NNE: 25>, <Action.ENE: 11>, <Action.WNW: 15>, <Action.SSW: -25>, <Action.WSW: -11>, <Action.SSW: -25>, <Action.WNW: 15>, <Action.SSE: -27>, <Action.WNW: 15>, <Action.ENE: 11>, <Action.SSW: -25>, <Action.NNW: 27>]
Winner: Agent(agent_class=<class 'sample_players.GreedyPlayer'>, name='Greedy Agent')
Loser: Agent(agent_class=<class 'my_custom_player.CustomPlayer'>, name='Custom TestAgent')

INFO:sample_players:[Errno 2] No such file or directory: 'data.pickle'
INFO:isolation:Initial game state: Isolation(board=41523161203939122082683632224299007, ply_count=0, locs=(None, None))
First agent: Agent(agent_class=<class 'sample_players.GreedyPlayer'>, name='Greedy Agent')
Second agent: Agent(agent_class=<class 'my_custom_player.CustomPlayer'>, name='Custom TestAgent')

INFO:isolation:Status: Status.GAME_OVER
Final State: Isolation(board=34423371747255221009613871955084827, ply_count=72, locs=(96, 49))
History: [87, 28, <Action.SSE: -27>, <Action.WNW: 15>, <Action.ENE: 11>, <Action.NNE: 25>, <Action.SSE: -27>, <Action.SSE: -27>, <Action.WSW: -11>, <Action.WSW: -11>, <Action.WSW: -11>, <Action.WNW: 15>, <Action.ESE: -15>, <Action.NNE: 25>, <Action.ENE: 11>, <Action.ENE: 11>, <Action.ENE: 11>, <Action.SSE: -27>, <Action.ESE: -15>, <Action.WNW: 15>, <Action.NNE: 25>, <Action.ENE: 11>, <Action.NNW: 27>, <Action.SSE: -27>, <Action.NNW: 27>, <Action.WSW: -11>, <Action.WSW: -11>, <Action.WSW: -11>, <Action.ESE: -15>, <Action.WNW: 15>, <Action.ENE: 11>, <Action.NNW: 27>, <Action.NNW: 27>, <Action.ENE: 11>, <Action.WSW: -11>, <Action.SSW: -25>, <Action.WSW: -11>, <Action.NNW: 27>, <Action.NNE: 25>, <Action.SSW: -25>, <Action.WSW: -11>, <Action.SSE: -27>, <Action.WNW: 15>, <Action.ESE: -15>, <Action.SSE: -27>, <Action.WSW: -11>, <Action.SSE: -27>, <Action.NNW: 27>, <Action.WSW: -11>, <Action.ESE: -15>, <Action.WSW: -11>, <Action.ESE: -15>, <Action.ESE: -15>, <Action.ENE: 11>, <Action.ESE: -15>, <Action.ENE: 11>, <Action.ENE: 11>, <Action.NNE: 25>, <Action.ESE: -15>, <Action.NNW: 27>, <Action.ENE: 11>, <Action.NNW: 27>, <Action.NNW: 27>, <Action.WSW: -11>, <Action.NNE: 25>, <Action.WNW: 15>, <Action.NNW: 27>, <Action.WSW: -11>, <Action.WNW: 15>, <Action.SSW: -25>, <Action.WSW: -11>, <Action.SSW: -25>]
Winner: Agent(agent_class=<class 'my_custom_player.CustomPlayer'>, name='Custom TestAgent')
Loser: Agent(agent_class=<class 'sample_players.GreedyPlayer'>, name='Greedy Agent')

INFO:sample_players:[Errno 2] No such file or directory: 'data.pickle'
INFO:isolation:Initial game state: Isolation(board=41523161203939122082683632224299007, ply_count=0, locs=(None, None))
First agent: Agent(agent_class=<class 'my_custom_player.CustomPlayer'>, name='Custom TestAgent')
Second agent: Agent(agent_class=<class 'sample_players.GreedyPlayer'>, name='Greedy Agent')

INFO:isolation:Status: Status.GAME_OVER
Final State: Isolation(board=38823131663046509231611162298426508, ply_count=69, locs=(4, 19))
History: [28, 106, <Action.WNW: 15>, <Action.ESE: -15>, <Action.NNE: 25>, <Action.SSW: -25>, <Action.WSW: -11>, <Action.NNW: 27>, <Action.ESE: -15>, <Action.ENE: 11>, <Action.NNE: 25>, <Action.SSW: -25>, <Action.WSW: -11>, <Action.SSW: -25>, <Action.WSW: -11>, <Action.ESE: -15>, <Action.WSW: -11>, <Action.SSW: -25>, <Action.NNE: 25>, <Action.WNW: 15>, <Action.NNW: 27>, <Action.ENE: 11>, <Action.ESE: -15>, <Action.SSW: -25>, <Action.SSW: -25>, <Action.ESE: -15>, <Action.NNW: 27>, <Action.NNW: 27>, <Action.ESE: -15>, <Action.NNE: 25>, <Action.SSW: -25>, <Action.WSW: -11>, <Action.NNW: 27>, <Action.ESE: -15>, <Action.NNE: 25>, <Action.SSW: -25>, <Action.ENE: 11>, <Action.WNW: 15>, <Action.SSE: -27>, <Action.WSW: -11>, <Action.ENE: 11>, <Action.WNW: 15>, <Action.SSW: -25>, <Action.WSW: -11>, <Action.WNW: 15>, <Action.NNW: 27>, <Action.NNW: 27>, <Action.NNE: 25>, <Action.SSW: -25>, <Action.NNW: 27>, <Action.ENE: 11>, <Action.ENE: 11>, <Action.WNW: 15>, <Action.ESE: -15>, <Action.WSW: -11>, <Action.NNW: 27>, <Action.SSW: -25>, <Action.WSW: -11>, <Action.ESE: -15>, <Action.SSW: -25>, <Action.ESE: -15>, <Action.SSE: -27>, <Action.ESE: -15>, <Action.SSW: -25>, <Action.WSW: -11>, <Action.ESE: -15>, <Action.NNE: 25>, <Action.ENE: 11>, <Action.SSE: -27>]
Winner: Agent(agent_class=<class 'my_custom_player.CustomPlayer'>, name='Custom TestAgent')
Loser: Agent(agent_class=<class 'sample_players.GreedyPlayer'>, name='Greedy Agent')

INFO:sample_players:[Errno 2] No such file or directory: 'data.pickle'
INFO:isolation:Initial game state: Isolation(board=41523161203939122082683632224299007, ply_count=0, locs=(None, None))
First agent: Agent(agent_class=<class 'sample_players.GreedyPlayer'>, name='Greedy Agent')
Second agent: Agent(agent_class=<class 'my_custom_player.CustomPlayer'>, name='Custom TestAgent')

INFO:isolation:Status: Status.GAME_OVER
Final State: Isolation(board=31075352697980187249915955997206252, ply_count=60, locs=(36, 105))
History: [85, 28, <Action.ENE: 11>, <Action.WNW: 15>, <Action.SSE: -27>, <Action.NNE: 25>, <Action.SSE: -27>, <Action.SSE: -27>, <Action.ENE: 11>, <Action.WSW: -11>, <Action.SSE: -27>, <Action.WNW: 15>, <Action.SSW: -25>, <Action.WSW: -11>, <Action.WNW: 15>, <Action.NNE: 25>, <Action.ENE: 11>, <Action.NNW: 27>, <Action.SSE: -27>, <Action.ESE: -15>, <Action.WNW: 15>, <Action.ENE: 11>, <Action.WSW: -11>, <Action.ESE: -15>, <Action.WNW: 15>, <Action.SSE: -27>, <Action.NNW: 27>, <Action.WSW: -11>, <Action.WSW: -11>, <Action.NNE: 25>, <Action.NNE: 25>, <Action.NNW: 27>, <Action.SSE: -27>, <Action.ESE: -15>, <Action.SSW: -25>, <Action.WSW: -11>, <Action.WNW: 15>, <Action.NNE: 25>, <Action.NNE: 25>, <Action.WNW: 15>, <Action.NNW: 27>, <Action.WSW: -11>, <Action.NNE: 25>, <Action.WNW: 15>, <Action.SSE: -27>, <Action.SSE: -27>, <Action.WSW: -11>, <Action.ENE: 11>, <Action.NNE: 25>, <Action.ENE: 11>, <Action.ENE: 11>, <Action.ESE: -15>, <Action.WNW: 15>, <Action.NNE: 25>, <Action.SSW: -25>, <Action.WSW: -11>, <Action.SSE: -27>, <Action.ESE: -15>, <Action.SSW: -25>, <Action.NNW: 27>]
Winner: Agent(agent_class=<class 'my_custom_player.CustomPlayer'>, name='Custom TestAgent')
Loser: Agent(agent_class=<class 'sample_players.GreedyPlayer'>, name='Greedy Agent')

INFO:sample_players:[Errno 2] No such file or directory: 'data.pickle'
INFO:isolation:Initial game state: Isolation(board=41523161203939122082683632224299007, ply_count=0, locs=(None, None))
First agent: Agent(agent_class=<class 'my_custom_player.CustomPlayer'>, name='Custom TestAgent')
Second agent: Agent(agent_class=<class 'sample_players.GreedyPlayer'>, name='Greedy Agent')

INFO:isolation:Status: Status.GAME_OVER
Final State: Isolation(board=37542901263309220124835689849012667, ply_count=65, locs=(110, 60))
History: [28, 101, <Action.WNW: 15>, <Action.ESE: -15>, <Action.NNE: 25>, <Action.WSW: -11>, <Action.SSE: -27>, <Action.NNE: 25>, <Action.WSW: -11>, <Action.ENE: 11>, <Action.WNW: 15>, <Action.ESE: -15>, <Action.WSW: -11>, <Action.WSW: -11>, <Action.NNE: 25>, <Action.ESE: -15>, <Action.ESE: -15>, <Action.ESE: -15>, <Action.ESE: -15>, <Action.NNE: 25>, <Action.NNE: 25>, <Action.SSE: -27>, <Action.SSE: -27>, <Action.NNE: 25>, <Action.WNW: 15>, <Action.WSW: -11>, <Action.WSW: -11>, <Action.NNE: 25>, <Action.WNW: 15>, <Action.SSE: -27>, <Action.NNW: 27>, <Action.SSW: -25>, <Action.NNE: 25>, <Action.SSE: -27>, <Action.ESE: -15>, <Action.WSW: -11>, <Action.WSW: -11>, <Action.WNW: 15>, <Action.SSW: -25>, <Action.WSW: -11>, <Action.ESE: -15>, <Action.WNW: 15>, <Action.NNE: 25>, <Action.WSW: -11>, <Action.NNE: 25>, <Action.NNE: 25>, <Action.ENE: 11>, <Action.ESE: -15>, <Action.SSE: -27>, <Action.WSW: -11>, <Action.WNW: 15>, <Action.NNW: 27>, <Action.NNE: 25>, <Action.NNE: 25>, <Action.SSE: -27>, <Action.NNW: 27>, <Action.WNW: 15>, <Action.ENE: 11>, <Action.SSW: -25>, <Action.SSW: -25>, <Action.WNW: 15>, <Action.SSW: -25>, <Action.ENE: 11>, <Action.ENE: 11>, <Action.WNW: 15>]
Winner: Agent(agent_class=<class 'my_custom_player.CustomPlayer'>, name='Custom TestAgent')
Loser: Agent(agent_class=<class 'sample_players.GreedyPlayer'>, name='Greedy Agent')

INFO:isolation:Status: Status.GAME_OVER
Final State: Isolation(board=35600209815312958610071761079904196, ply_count=53, locs=(16, 1))
History: [112, 28, <Action.ESE: -15>, <Action.WNW: 15>, <Action.SSE: -27>, <Action.NNE: 25>, <Action.ESE: -15>, <Action.SSE: -27>, <Action.ENE: 11>, <Action.WNW: 15>, <Action.SSE: -27>, <Action.ENE: 11>, <Action.SSW: -25>, <Action.SSW: -25>, <Action.WSW: -11>, <Action.NNW: 27>, <Action.NNW: 27>, <Action.WNW: 15>, <Action.WSW: -11>, <Action.WSW: -11>, <Action.ESE: -15>, <Action.SSE: -27>, <Action.ENE: 11>, <Action.NNE: 25>, <Action.ESE: -15>, <Action.WSW: -11>, <Action.NNW: 27>, <Action.SSE: -27>, <Action.NNE: 25>, <Action.NNE: 25>, <Action.NNW: 27>, <Action.WSW: -11>, <Action.NNW: 27>, <Action.NNE: 25>, <Action.ESE: -15>, <Action.ENE: 11>, <Action.WSW: -11>, <Action.WNW: 15>, <Action.ESE: -15>, <Action.ENE: 11>, <Action.SSW: -25>, <Action.SSE: -27>, <Action.WSW: -11>, <Action.ENE: 11>, <Action.WSW: -11>, <Action.ESE: -15>, <Action.NNW: 27>, <Action.SSW: -25>, <Action.SSW: -25>, <Action.SSE: -27>, <Action.ESE: -15>, <Action.SSW: -25>, <Action.ENE: 11>]
Winner: Agent(agent_class=<class 'my_custom_player.CustomPlayer'>, name='Custom TestAgent')
Loser: Agent(agent_class=<class 'sample_players.GreedyPlayer'>, name='Greedy Agent')

INFO:sample_players:[Errno 2] No such file or directory: 'data.pickle'
INFO:sample_players:[Errno 2] No such file or directory: 'data.pickle'
INFO:isolation:Initial game state: Isolation(board=41520625902738665623880638549452799, ply_count=2, locs=(101, 28))
First agent: Agent(agent_class=<class 'sample_players.GreedyPlayer'>, name='Greedy Agent')
Second agent: Agent(agent_class=<class 'my_custom_player.CustomPlayer'>, name='Custom TestAgent')

INFO:isolation:Initial game state: Isolation(board=41442031565524515400987842950719487, ply_count=2, locs=(28, 106))
First agent: Agent(agent_class=<class 'my_custom_player.CustomPlayer'>, name='Custom TestAgent')
Second agent: Agent(agent_class=<class 'sample_players.GreedyPlayer'>, name='Greedy Agent')

INFO:isolation:Status: Status.GAME_OVER
Final State: Isolation(board=18722184564382681217241214562099944, ply_count=62, locs=(91, 80))
History: [<Action.ESE: -15>, <Action.NNE: 25>, <Action.ESE: -15>, <Action.SSE: -27>, <Action.ENE: 11>, <Action.SSW: -25>, <Action.ESE: -15>, <Action.WNW: 15>, <Action.SSW: -25>, <Action.WNW: 15>, <Action.NNW: 27>, <Action.WNW: 15>, <Action.ESE: -15>, <Action.WNW: 15>, <Action.SSW: -25>, <Action.SSE: -27>, <Action.WSW: -11>, <Action.WSW: -11>, <Action.WNW: 15>, <Action.ESE: -15>, <Action.NNW: 27>, <Action.ENE: 11>, <Action.NNE: 25>, <Action.ESE: -15>, <Action.ESE: -15>, <Action.ENE: 11>, <Action.ENE: 11>, <Action.ESE: -15>, <Action.ESE: -15>, <Action.NNW: 27>, <Action.SSW: -25>, <Action.SSW: -25>, <Action.NNW: 27>, <Action.WNW: 15>, <Action.WNW: 15>, <Action.NNW: 27>, <Action.WSW: -11>, <Action.WNW: 15>, <Action.SSW: -25>, <Action.WSW: -11>, <Action.ESE: -15>, <Action.SSE: -27>, <Action.NNE: 25>, <Action.WSW: -11>, <Action.NNW: 27>, <Action.NNE: 25>, <Action.WSW: -11>, <Action.NNW: 27>, <Action.NNE: 25>, <Action.NNE: 25>, <Action.ENE: 11>, <Action.NNW: 27>, <Action.ESE: -15>, <Action.ESE: -15>, <Action.ESE: -15>, <Action.ENE: 11>, <Action.NNW: 27>, <Action.ESE: -15>, <Action.ESE: -15>, <Action.ESE: -15>]
Winner: Agent(agent_class=<class 'my_custom_player.CustomPlayer'>, name='Custom TestAgent')
Loser: Agent(agent_class=<class 'sample_players.GreedyPlayer'>, name='Greedy Agent')

INFO:sample_players:[Errno 2] No such file or directory: 'data.pickle'
INFO:isolation:Initial game state: Isolation(board=41360901927109908719292053945575423, ply_count=2, locs=(28, 107))
First agent: Agent(agent_class=<class 'my_custom_player.CustomPlayer'>, name='Custom TestAgent')
Second agent: Agent(agent_class=<class 'sample_players.GreedyPlayer'>, name='Greedy Agent')

INFO:isolation:Status: Status.GAME_OVER
Final State: Isolation(board=6817586170021576256325374300522081, ply_count=74, locs=(92, 52))
History: [<Action.NNE: 25>, <Action.SSW: -25>, <Action.SSE: -27>, <Action.SSE: -27>, <Action.SSW: -25>, <Action.SSW: -25>, <Action.WNW: 15>, <Action.WNW: 15>, <Action.ENE: 11>, <Action.WSW: -11>, <Action.SSW: -25>, <Action.NNE: 25>, <Action.ENE: 11>, <Action.NNE: 25>, <Action.NNW: 27>, <Action.WSW: -11>, <Action.WNW: 15>, <Action.ESE: -15>, <Action.ENE: 11>, <Action.SSW: -25>, <Action.SSE: -27>, <Action.NNW: 27>, <Action.SSW: -25>, <Action.SSW: -25>, <Action.WSW: -11>, <Action.ENE: 11>, <Action.WNW: 15>, <Action.WNW: 15>, <Action.WSW: -11>, <Action.NNE: 25>, <Action.WNW: 15>, <Action.ENE: 11>, <Action.NNE: 25>, <Action.SSW: -25>, <Action.NNW: 27>, <Action.SSW: -25>, <Action.NNE: 25>, <Action.NNW: 27>, <Action.WNW: 15>, <Action.ENE: 11>, <Action.SSE: -27>, <Action.ENE: 11>, <Action.SSW: -25>, <Action.ESE: -15>, <Action.SSE: -27>, <Action.NNE: 25>, <Action.SSE: -27>, <Action.WSW: -11>, <Action.WNW: 15>, <Action.SSE: -27>, <Action.NNE: 25>, <Action.SSW: -25>, <Action.NNW: 27>, <Action.WSW: -11>, <Action.NNE: 25>, <Action.SSE: -27>, <Action.ENE: 11>, <Action.ENE: 11>, <Action.SSW: -25>, <Action.WNW: 15>, <Action.NNW: 27>, <Action.ENE: 11>, <Action.ESE: -15>, <Action.NNW: 27>, <Action.ENE: 11>, <Action.NNE: 25>, <Action.SSE: -27>, <Action.ENE: 11>, <Action.NNE: 25>, <Action.SSW: -25>, <Action.ESE: -15>, <Action.SSE: -27>]
Winner: Agent(agent_class=<class 'my_custom_player.CustomPlayer'>, name='Custom TestAgent')
Loser: Agent(agent_class=<class 'sample_players.GreedyPlayer'>, name='Greedy Agent')

INFO:sample_players:[Errno 2] No such file or directory: 'data.pickle'
INFO:isolation:Initial game state: Isolation(board=40874124096622268629117319914711039, ply_count=2, locs=(109, 28))
First agent: Agent(agent_class=<class 'sample_players.GreedyPlayer'>, name='Greedy Agent')
Second agent: Agent(agent_class=<class 'my_custom_player.CustomPlayer'>, name='Custom TestAgent')

INFO:isolation:Status: Status.GAME_OVER
Final State: Isolation(board=33145366707351015838368131969410285, ply_count=54, locs=(42, 9))
History: [<Action.SSE: -27>, <Action.SSE: -27>, <Action.NNE: 25>, <Action.WSW: -11>, <Action.WSW: -11>, <Action.ESE: -15>, <Action.WSW: -11>, <Action.NNW: 27>, <Action.WNW: 15>, <Action.SSW: -25>, <Action.WSW: -11>, <Action.ENE: 11>, <Action.WNW: 15>, <Action.WNW: 15>, <Action.ENE: 11>, <Action.SSW: -25>, <Action.WNW: 15>, <Action.ENE: 11>, <Action.NNE: 25>, <Action.WNW: 15>, <Action.ENE: 11>, <Action.WSW: -11>, <Action.ESE: -15>, <Action.SSW: -25>, <Action.NNE: 25>, <Action.ESE: -15>, <Action.ENE: 11>, <Action.WSW: -11>, <Action.SSE: -27>, <Action.NNE: 25>, <Action.NNE: 25>, <Action.NNW: 27>, <Action.WSW: -11>, <Action.NNE: 25>, <Action.WNW: 15>, <Action.SSE: -27>, <Action.WSW: -11>, <Action.WNW: 15>, <Action.WNW: 15>, <Action.NNE: 25>, <Action.SSW: -25>, <Action.SSE: -27>, <Action.SSW: -25>, <Action.WNW: 15>, <Action.SSE: -27>, <Action.WSW: -11>, <Action.ESE: -15>, <Action.SSE: -27>, <Action.ENE: 11>, <Action.SSW: -25>, <Action.ENE: 11>, <Action.SSE: -27>]
Winner: Agent(agent_class=<class 'my_custom_player.CustomPlayer'>, name='Custom TestAgent')
Loser: Agent(agent_class=<class 'sample_players.GreedyPlayer'>, name='Greedy Agent')

INFO:sample_players:[Errno 2] No such file or directory: 'data.pickle'
INFO:isolation:Initial game state: Isolation(board=41520625902738665623880638549452799, ply_count=2, locs=(28, 101))
First agent: Agent(agent_class=<class 'my_custom_player.CustomPlayer'>, name='Custom TestAgent')
Second agent: Agent(agent_class=<class 'sample_players.GreedyPlayer'>, name='Greedy Agent')

INFO:isolation:Status: Status.GAME_OVER
Final State: Isolation(board=35435627580551139767214114993096200, ply_count=77, locs=(57, 87))
History: [<Action.SSE: -27>, <Action.NNE: 25>, <Action.ESE: -15>, <Action.NNW: 27>, <Action.WSW: -11>, <Action.SSW: -25>, <Action.NNE: 25>, <Action.SSW: -25>, <Action.SSE: -27>, <Action.ENE: 11>, <Action.SSW: -25>, <Action.ESE: -15>, <Action.WNW: 15>, <Action.SSW: -25>, <Action.WSW: -11>, <Action.WNW: 15>, <Action.NNE: 25>, <Action.WNW: 15>, <Action.WSW: -11>, <Action.SSE: -27>, <Action.NNE: 25>, <Action.ENE: 11>, <Action.ENE: 11>, <Action.ESE: -15>, <Action.ESE: -15>, <Action.NNW: 27>, <Action.NNE: 25>, <Action.SSW: -25>, <Action.SSE: -27>, <Action.ENE: 11>, <Action.NNE: 25>, <Action.NNW: 27>, <Action.WNW: 15>, <Action.NNE: 25>, <Action.SSE: -27>, <Action.NNW: 27>, <Action.WNW: 15>, <Action.WNW: 15>, <Action.SSW: -25>, <Action.WSW: -11>, <Action.WNW: 15>, <Action.SSW: -25>, <Action.SSW: -25>, <Action.SSW: -25>, <Action.SSW: -25>, <Action.SSE: -27>, <Action.ENE: 11>, <Action.WSW: -11>, <Action.WNW: 15>, <Action.NNW: 27>, <Action.NNE: 25>, <Action.ESE: -15>, <Action.ESE: -15>, <Action.ESE: -15>, <Action.NNW: 27>, <Action.NNW: 27>, <Action.WSW: -11>, <Action.ENE: 11>, <Action.SSW: -25>, <Action.SSW: -25>, <Action.NNW: 27>, <Action.WSW: -11>, <Action.ESE: -15>, <Action.WNW: 15>, <Action.SSW: -25>, <Action.NNW: 27>, <Action.SSE: -27>, <Action.NNE: 25>, <Action.ESE: -15>, <Action.NNW: 27>, <Action.ENE: 11>, <Action.ENE: 11>, <Action.NNE: 25>, <Action.SSW: -25>, <Action.WNW: 15>]
Winner: Agent(agent_class=<class 'my_custom_player.CustomPlayer'>, name='Custom TestAgent')
Loser: Agent(agent_class=<class 'sample_players.GreedyPlayer'>, name='Greedy Agent')

INFO:sample_players:[Errno 2] No such file or directory: 'data.pickle'
INFO:isolation:Initial game state: Isolation(board=36330864345404294454153135626643455, ply_count=2, locs=(112, 28))
First agent: Agent(agent_class=<class 'sample_players.GreedyPlayer'>, name='Greedy Agent')
Second agent: Agent(agent_class=<class 'my_custom_player.CustomPlayer'>, name='Custom TestAgent')

INFO:isolation:Status: Status.GAME_OVER
Final State: Isolation(board=35963077002300573766801453220102890, ply_count=56, locs=(87, 112))
History: [<Action.WNW: 15>, <Action.ESE: -15>, <Action.SSE: -27>, <Action.ESE: -15>, <Action.ENE: 11>, <Action.ENE: 11>, <Action.SSE: -27>, <Action.ESE: -15>, <Action.WNW: 15>, <Action.WSW: -11>, <Action.ENE: 11>, <Action.NNE: 25>, <Action.NNW: 27>, <Action.WSW: -11>, <Action.NNE: 25>, <Action.WNW: 15>, <Action.NNW: 27>, <Action.SSE: -27>, <Action.SSW: -25>, <Action.SSW: -25>, <Action.ESE: -15>, <Action.ENE: 11>, <Action.SSW: -25>, <Action.NNE: 25>, <Action.SSE: -27>, <Action.WNW: 15>, <Action.WSW: -11>, <Action.SSE: -27>, <Action.WNW: 15>, <Action.WNW: 15>, <Action.WNW: 15>, <Action.ENE: 11>, <Action.WSW: -11>, <Action.ESE: -15>, <Action.WSW: -11>, <Action.ENE: 11>, <Action.NNE: 25>, <Action.SSW: -25>, <Action.SSE: -27>, <Action.SSW: -25>, <Action.ENE: 11>, <Action.ESE: -15>, <Action.ESE: -15>, <Action.NNW: 27>, <Action.NNW: 27>, <Action.NNE: 25>, <Action.WSW: -11>, <Action.NNW: 27>, <Action.NNW: 27>, <Action.WNW: 15>, <Action.WNW: 15>, <Action.WSW: -11>, <Action.NNE: 25>, <Action.WNW: 15>]
Winner: Agent(agent_class=<class 'my_custom_player.CustomPlayer'>, name='Custom TestAgent')
Loser: Agent(agent_class=<class 'sample_players.GreedyPlayer'>, name='Greedy Agent')

INFO:sample_players:[Errno 2] No such file or directory: 'data.pickle'
INFO:isolation:Initial game state: Isolation(board=41523161203901343150820674794153983, ply_count=2, locs=(28, 75))
First agent: Agent(agent_class=<class 'my_custom_player.CustomPlayer'>, name='Custom TestAgent')
Second agent: Agent(agent_class=<class 'sample_players.GreedyPlayer'>, name='Greedy Agent')

INFO:isolation:Status: Status.GAME_OVER
Final State: Isolation(board=33997208103380564443283954190075898, ply_count=56, locs=(43, 97))
History: [<Action.SSE: -27>, <Action.WSW: -11>, <Action.ESE: -15>, <Action.ESE: -15>, <Action.ENE: 11>, <Action.ENE: 11>, <Action.SSE: -27>, <Action.NNW: 27>, <Action.WNW: 15>, <Action.SSW: -25>, <Action.ENE: 11>, <Action.ESE: -15>, <Action.SSE: -27>, <Action.NNW: 27>, <Action.WNW: 15>, <Action.NNE: 25>, <Action.WSW: -11>, <Action.NNW: 27>, <Action.NNE: 25>, <Action.NNE: 25>, <Action.WSW: -11>, <Action.WSW: -11>, <Action.WNW: 15>, <Action.ESE: -15>, <Action.SSE: -27>, <Action.NNW: 27>, <Action.SSW: -25>, <Action.WSW: -11>, <Action.ENE: 11>, <Action.WNW: 15>, <Action.NNW: 27>, <Action.WSW: -11>, <Action.SSW: -25>, <Action.WSW: -11>, <Action.ENE: 11>, <Action.SSW: -25>, <Action.SSE: -27>, <Action.ENE: 11>, <Action.NNE: 25>, <Action.WNW: 15>, <Action.ESE: -15>, <Action.ENE: 11>, <Action.WSW: -11>, <Action.ESE: -15>, <Action.WSW: -11>, <Action.ENE: 11>, <Action.NNE: 25>, <Action.WNW: 15>, <Action.WSW: -11>, <Action.SSE: -27>, <Action.ESE: -15>, <Action.NNE: 25>, <Action.NNE: 25>, <Action.WSW: -11>]
Winner: Agent(agent_class=<class 'sample_players.GreedyPlayer'>, name='Greedy Agent')
Loser: Agent(agent_class=<class 'my_custom_player.CustomPlayer'>, name='Custom TestAgent')

INFO:sample_players:[Errno 2] No such file or directory: 'data.pickle'
INFO:isolation:Initial game state: Isolation(board=40225086989305415175551007873558527, ply_count=2, locs=(110, 28))
First agent: Agent(agent_class=<class 'sample_players.GreedyPlayer'>, name='Greedy Agent')
Second agent: Agent(agent_class=<class 'my_custom_player.CustomPlayer'>, name='Custom TestAgent')

INFO:isolation:Status: Status.GAME_OVER
Final State: Isolation(board=4159169046989651503106466688821133, ply_count=70, locs=(52, 101))
History: [<Action.SSE: -27>, <Action.ENE: 11>, <Action.NNE: 25>, <Action.ESE: -15>, <Action.NNW: 27>, <Action.ENE: 11>, <Action.NNW: 27>, <Action.ESE: -15>, <Action.ESE: -15>, <Action.SSW: -25>, <Action.SSW: -25>, <Action.WSW: -11>, <Action.SSW: -25>, <Action.NNW: 27>, <Action.WSW: -11>, <Action.NNE: 25>, <Action.NNE: 25>, <Action.WSW: -11>, <Action.NNE: 25>, <Action.SSE: -27>, <Action.WSW: -11>, <Action.WSW: -11>, <Action.SSE: -27>, <Action.NNE: 25>, <Action.WSW: -11>, <Action.NNE: 25>, <Action.NNW: 27>, <Action.WSW: -11>, <Action.ESE: -15>, <Action.SSE: -27>, <Action.WSW: -11>, <Action.WSW: -11>, <Action.WNW: 15>, <Action.NNE: 25>, <Action.WNW: 15>, <Action.NNE: 25>, <Action.NNE: 25>, <Action.ENE: 11>, <Action.NNW: 27>, <Action.ESE: -15>, <Action.NNE: 25>, <Action.ESE: -15>, <Action.ESE: -15>, <Action.SSW: -25>, <Action.ENE: 11>, <Action.WSW: -11>, <Action.ESE: -15>, <Action.NNE: 25>, <Action.ENE: 11>, <Action.WSW: -11>, <Action.SSE: -27>, <Action.WSW: -11>, <Action.WNW: 15>, <Action.WSW: -11>, <Action.WNW: 15>, <Action.NNE: 25>, <Action.WSW: -11>, <Action.NNW: 27>, <Action.SSE: -27>, <Action.NNE: 25>, <Action.NNE: 25>, <Action.WNW: 15>, <Action.SSE: -27>, <Action.SSE: -27>, <Action.ENE: 11>, <Action.NNE: 25>, <Action.SSE: -27>, <Action.WSW: -11>]
Winner: Agent(agent_class=<class 'my_custom_player.CustomPlayer'>, name='Custom TestAgent')
Loser: Agent(agent_class=<class 'sample_players.GreedyPlayer'>, name='Greedy Agent')

INFO:sample_players:[Errno 2] No such file or directory: 'data.pickle'
INFO:isolation:Initial game state: Isolation(board=31138567486869466825622639297423359, ply_count=2, locs=(28, 113))
First agent: Agent(agent_class=<class 'my_custom_player.CustomPlayer'>, name='Custom TestAgent')
Second agent: Agent(agent_class=<class 'sample_players.GreedyPlayer'>, name='Greedy Agent')

INFO:isolation:Status: Status.GAME_OVER
Final State: Isolation(board=3062683464535523527613747843696211, ply_count=73, locs=(92, 107))
History: [<Action.SSE: -27>, <Action.NNE: 25>, <Action.SSE: -27>, <Action.NNW: 27>, <Action.NNE: 25>, <Action.ENE: 11>, <Action.SSE: -27>, <Action.SSW: -25>, <Action.SSW: -25>, <Action.NNW: 27>, <Action.WNW: 15>, <Action.WSW: -11>, <Action.WSW: -11>, <Action.WNW: 15>, <Action.NNW: 27>, <Action.WSW: -11>, <Action.NNE: 25>, <Action.WSW: -11>, <Action.ESE: -15>, <Action.NNE: 25>, <Action.SSE: -27>, <Action.SSE: -27>, <Action.WSW: -11>, <Action.ENE: 11>, <Action.WNW: 15>, <Action.NNE: 25>, <Action.NNE: 25>, <Action.ESE: -15>, <Action.ESE: -15>, <Action.ESE: -15>, <Action.SSE: -27>, <Action.WSW: -11>, <Action.ESE: -15>, <Action.SSE: -27>, <Action.NNW: 27>, <Action.SSE: -27>, <Action.WSW: -11>, <Action.WSW: -11>, <Action.WNW: 15>, <Action.WNW: 15>, <Action.SSW: -25>, <Action.WSW: -11>, <Action.WNW: 15>, <Action.WNW: 15>, <Action.NNE: 25>, <Action.NNW: 27>, <Action.SSE: -27>, <Action.NNE: 25>, <Action.ESE: -15>, <Action.NNW: 27>, <Action.WSW: -11>, <Action.ENE: 11>, <Action.NNW: 27>, <Action.SSW: -25>, <Action.ESE: -15>, <Action.NNW: 27>, <Action.ESE: -15>, <Action.ESE: -15>, <Action.ENE: 11>, <Action.WSW: -11>, <Action.ENE: 11>, <Action.NNE: 25>, <Action.SSW: -25>, <Action.ESE: -15>, <Action.ENE: 11>, <Action.SSE: -27>, <Action.NNW: 27>, <Action.NNE: 25>, <Action.NNW: 27>, <Action.ENE: 11>, <Action.NNE: 25>]
Winner: Agent(agent_class=<class 'sample_players.GreedyPlayer'>, name='Greedy Agent')
Loser: Agent(agent_class=<class 'my_custom_player.CustomPlayer'>, name='Custom TestAgent')

INFO:sample_players:[Errno 2] No such file or directory: 'data.pickle'
INFO:isolation:Initial game state: Isolation(board=41523158728059043511923082157615103, ply_count=2, locs=(91, 28))
First agent: Agent(agent_class=<class 'sample_players.GreedyPlayer'>, name='Greedy Agent')
Second agent: Agent(agent_class=<class 'my_custom_player.CustomPlayer'>, name='Custom TestAgent')

INFO:isolation:Status: Status.GAME_OVER
Final State: Isolation(board=30447588661782249418188513666400921, ply_count=70, locs=(100, 23))
History: [<Action.SSE: -27>, <Action.SSE: -27>, <Action.NNE: 25>, <Action.ESE: -15>, <Action.WSW: -11>, <Action.ENE: 11>, <Action.NNE: 25>, <Action.SSW: -25>, <Action.SSE: -27>, <Action.ENE: 11>, <Action.WSW: -11>, <Action.WNW: 15>, <Action.NNE: 25>, <Action.SSW: -25>, <Action.NNE: 25>, <Action.ENE: 11>, <Action.NNW: 27>, <Action.ENE: 11>, <Action.SSW: -25>, <Action.SSW: -25>, <Action.ESE: -15>, <Action.WNW: 15>, <Action.SSW: -25>, <Action.SSW: -25>, <Action.WNW: 15>, <Action.WSW: -11>, <Action.WNW: 15>, <Action.NNE: 25>, <Action.WSW: -11>, <Action.SSE: -27>, <Action.ESE: -15>, <Action.WNW: 15>, <Action.NNE: 25>, <Action.NNE: 25>, <Action.SSE: -27>, <Action.WNW: 15>, <Action.WNW: 15>, <Action.SSE: -27>, <Action.SSW: -25>, <Action.NNE: 25>, <Action.ENE: 11>, <Action.ENE: 11>, <Action.NNE: 25>, <Action.ESE: -15>, <Action.NNE: 25>, <Action.ESE: -15>, <Action.WSW: -11>, <Action.NNW: 27>, <Action.ESE: -15>, <Action.ESE: -15>, <Action.WSW: -11>, <Action.NNW: 27>, <Action.SSW: -25>, <Action.WSW: -11>, <Action.WNW: 15>, <Action.WNW: 15>, <Action.WNW: 15>, <Action.SSW: -25>, <Action.SSW: -25>, <Action.WSW: -11>, <Action.ENE: 11>, <Action.SSE: -27>, <Action.NNW: 27>, <Action.SSE: -27>, <Action.NNW: 27>, <Action.WSW: -11>, <Action.NNE: 25>, <Action.WNW: 15>]
Winner: Agent(agent_class=<class 'my_custom_player.CustomPlayer'>, name='Custom TestAgent')
Loser: Agent(agent_class=<class 'sample_players.GreedyPlayer'>, name='Greedy Agent')

INFO:sample_players:[Errno 2] No such file or directory: 'data.pickle'
INFO:isolation:Initial game state: Isolation(board=41198642650280695355900475935287295, ply_count=2, locs=(28, 108))
First agent: Agent(agent_class=<class 'my_custom_player.CustomPlayer'>, name='Custom TestAgent')
Second agent: Agent(agent_class=<class 'sample_players.GreedyPlayer'>, name='Greedy Agent')

INFO:isolation:Status: Status.GAME_OVER
Final State: Isolation(board=40244856737273672495211030346203376, ply_count=72, locs=(36, 21))
History: [<Action.WSW: -11>, <Action.NNW: 27>, <Action.WSW: -11>, <Action.ENE: 11>, <Action.ESE: -15>, <Action.SSE: -27>, <Action.SSW: -25>, <Action.SSW: -25>, <Action.NNW: 27>, <Action.WSW: -11>, <Action.ENE: 11>, <Action.NNW: 27>, <Action.SSW: -25>, <Action.ENE: 11>, <Action.WSW: -11>, <Action.ENE: 11>, <Action.WNW: 15>, <Action.SSW: -25>, <Action.NNW: 27>, <Action.SSE: -27>, <Action.ENE: 11>, <Action.WNW: 15>, <Action.SSW: -25>, <Action.ENE: 11>, <Action.SSE: -27>, <Action.SSW: -25>, <Action.WNW: 15>, <Action.WNW: 15>, <Action.NNE: 25>, <Action.NNW: 27>, <Action.ENE: 11>, <Action.NNE: 25>, <Action.WNW: 15>, <Action.ESE: -15>, <Action.SSE: -27>, <Action.NNE: 25>, <Action.WSW: -11>, <Action.NNW: 27>, <Action.NNE: 25>, <Action.WSW: -11>, <Action.ESE: -15>, <Action.WNW: 15>, <Action.ENE: 11>, <Action.SSE: -27>, <Action.NNE: 25>, <Action.NNE: 25>, <Action.SSE: -27>, <Action.ESE: -15>, <Action.NNE: 25>, <Action.SSE: -27>, <Action.WSW: -11>, <Action.SSW: -25>, <Action.WNW: 15>, <Action.SSE: -27>, <Action.WSW: -11>, <Action.WSW: -11>, <Action.WSW: -11>, <Action.WNW: 15>, <Action.SSW: -25>, <Action.NNW: 27>, <Action.SSE: -27>, <Action.SSW: -25>, <Action.ENE: 11>, <Action.WSW: -11>, <Action.SSW: -25>, <Action.NNW: 27>, <Action.WSW: -11>, <Action.SSW: -25>, <Action.NNW: 27>, <Action.ENE: 11>]
Winner: Agent(agent_class=<class 'my_custom_player.CustomPlayer'>, name='Custom TestAgent')
Loser: Agent(agent_class=<class 'sample_players.GreedyPlayer'>, name='Greedy Agent')

INFO:sample_players:[Errno 2] No such file or directory: 'data.pickle'
INFO:isolation:Initial game state: Isolation(board=38927012774671708268418383791253503, ply_count=2, locs=(28, 111))
First agent: Agent(agent_class=<class 'my_custom_player.CustomPlayer'>, name='Custom TestAgent')
Second agent: Agent(agent_class=<class 'sample_players.GreedyPlayer'>, name='Greedy Agent')

INFO:isolation:Status: Status.GAME_OVER
Final State: Isolation(board=40407239846793659190412389062854587, ply_count=53, locs=(104, 79))
History: [<Action.ESE: -15>, <Action.SSE: -27>, <Action.WSW: -11>, <Action.SSE: -27>, <Action.WNW: 15>, <Action.WNW: 15>, <Action.WNW: 15>, <Action.ENE: 11>, <Action.NNW: 27>, <Action.SSW: -25>, <Action.ESE: -15>, <Action.SSW: -25>, <Action.WSW: -11>, <Action.ENE: 11>, <Action.SSE: -27>, <Action.NNW: 27>, <Action.NNE: 25>, <Action.WNW: 15>, <Action.ENE: 11>, <Action.WSW: -11>, <Action.ENE: 11>, <Action.SSE: -27>, <Action.NNE: 25>, <Action.WSW: -11>, <Action.NNW: 27>, <Action.NNW: 27>, <Action.WSW: -11>, <Action.NNE: 25>, <Action.WNW: 15>, <Action.ESE: -15>, <Action.WSW: -11>, <Action.ENE: 11>, <Action.SSW: -25>, <Action.ESE: -15>, <Action.SSE: -27>, <Action.SSE: -27>, <Action.ENE: 11>, <Action.WSW: -11>, <Action.NNW: 27>, <Action.WSW: -11>, <Action.ENE: 11>, <Action.NNE: 25>, <Action.ENE: 11>, <Action.SSE: -27>, <Action.ESE: -15>, <Action.ENE: 11>, <Action.SSW: -25>, <Action.NNE: 25>, <Action.NNW: 27>, <Action.NNW: 27>, <Action.ENE: 11>]
Winner: Agent(agent_class=<class 'my_custom_player.CustomPlayer'>, name='Custom TestAgent')
Loser: Agent(agent_class=<class 'sample_players.GreedyPlayer'>, name='Greedy Agent')

INFO:sample_players:[Errno 2] No such file or directory: 'data.pickle'
INFO:isolation:Initial game state: Isolation(board=40225086989305415175551007873558527, ply_count=2, locs=(110, 28))
First agent: Agent(agent_class=<class 'sample_players.GreedyPlayer'>, name='Greedy Agent')
Second agent: Agent(agent_class=<class 'my_custom_player.CustomPlayer'>, name='Custom TestAgent')

INFO:isolation:Status: Status.GAME_OVER
Final State: Isolation(board=36857020739925538230929581828998691, ply_count=72, locs=(99, 44))
History: [<Action.ENE: 11>, <Action.SSE: -27>, <Action.SSW: -25>, <Action.ESE: -15>, <Action.WSW: -11>, <Action.ENE: 11>, <Action.NNW: 27>, <Action.SSW: -25>, <Action.ESE: -15>, <Action.WNW: 15>, <Action.NNW: 27>, <Action.ENE: 11>, <Action.NNE: 25>, <Action.SSW: -25>, <Action.NNE: 25>, <Action.WNW: 15>, <Action.SSE: -27>, <Action.SSW: -25>, <Action.SSW: -25>, <Action.NNW: 27>, <Action.SSE: -27>, <Action.ESE: -15>, <Action.WSW: -11>, <Action.SSW: -25>, <Action.WNW: 15>, <Action.NNW: 27>, <Action.WSW: -11>, <Action.NNE: 25>, <Action.WNW: 15>, <Action.WSW: -11>, <Action.NNW: 27>, <Action.SSE: -27>, <Action.SSW: -25>, <Action.NNE: 25>, <Action.ESE: -15>, <Action.ENE: 11>, <Action.NNW: 27>, <Action.ESE: -15>, <Action.NNW: 27>, <Action.NNE: 25>, <Action.NNE: 25>, <Action.WSW: -11>, <Action.ENE: 11>, <Action.WNW: 15>, <Action.ENE: 11>, <Action.WSW: -11>, <Action.ESE: -15>, <Action.SSE: -27>, <Action.ENE: 11>, <Action.SSW: -25>, <Action.SSE: -27>, <Action.SSE: -27>, <Action.SSW: -25>, <Action.NNE: 25>, <Action.SSE: -27>, <Action.ENE: 11>, <Action.WNW: 15>, <Action.SSE: -27>, <Action.NNE: 25>, <Action.ENE: 11>, <Action.NNE: 25>, <Action.NNW: 27>, <Action.WNW: 15>, <Action.SSW: -25>, <Action.WSW: -11>, <Action.SSW: -25>, <Action.WNW: 15>, <Action.WNW: 15>, <Action.WSW: -11>, <Action.NNE: 25>]
Winner: Agent(agent_class=<class 'my_custom_player.CustomPlayer'>, name='Custom TestAgent')
Loser: Agent(agent_class=<class 'sample_players.GreedyPlayer'>, name='Greedy Agent')

INFO:sample_players:[Errno 2] No such file or directory: 'data.pickle'
INFO:isolation:Initial game state: Isolation(board=41523161203938531786873273250211839, ply_count=2, locs=(69, 28))
First agent: Agent(agent_class=<class 'sample_players.GreedyPlayer'>, name='Greedy Agent')
Second agent: Agent(agent_class=<class 'my_custom_player.CustomPlayer'>, name='Custom TestAgent')

INFO:isolation:Status: Status.GAME_OVER
Final State: Isolation(board=39513978950016190567883298212217970, ply_count=72, locs=(21, 7))
History: [<Action.SSE: -27>, <Action.WSW: -11>, <Action.ESE: -15>, <Action.NNW: 27>, <Action.SSE: -27>, <Action.ENE: 11>, <Action.WSW: -11>, <Action.NNW: 27>, <Action.WNW: 15>, <Action.ENE: 11>, <Action.WSW: -11>, <Action.ENE: 11>, <Action.NNE: 25>, <Action.SSW: -25>, <Action.NNE: 25>, <Action.SSE: -27>, <Action.WSW: -11>, <Action.SSW: -25>, <Action.SSE: -27>, <Action.SSE: -27>, <Action.ESE: -15>, <Action.WNW: 15>, <Action.NNW: 27>, <Action.NNE: 25>, <Action.WSW: -11>, <Action.SSE: -27>, <Action.NNE: 25>, <Action.WSW: -11>, <Action.WNW: 15>, <Action.NNW: 27>, <Action.SSE: -27>, <Action.NNE: 25>, <Action.NNE: 25>, <Action.ESE: -15>, <Action.ENE: 11>, <Action.SSW: -25>, <Action.ESE: -15>, <Action.WSW: -11>, <Action.ENE: 11>, <Action.WNW: 15>, <Action.SSW: -25>, <Action.WNW: 15>, <Action.SSW: -25>, <Action.WNW: 15>, <Action.ENE: 11>, <Action.SSW: -25>, <Action.NNW: 27>, <Action.ESE: -15>, <Action.NNE: 25>, <Action.NNW: 27>, <Action.WSW: -11>, <Action.ESE: -15>, <Action.WNW: 15>, <Action.WSW: -11>, <Action.WSW: -11>, <Action.NNW: 27>, <Action.SSE: -27>, <Action.NNE: 25>, <Action.WNW: 15>, <Action.NNW: 27>, <Action.ENE: 11>, <Action.ENE: 11>, <Action.SSE: -27>, <Action.SSW: -25>, <Action.SSE: -27>, <Action.SSW: -25>, <Action.WSW: -11>, <Action.SSE: -27>, <Action.WSW: -11>, <Action.ESE: -15>]
Winner: Agent(agent_class=<class 'sample_players.GreedyPlayer'>, name='Greedy Agent')
Loser: Agent(agent_class=<class 'my_custom_player.CustomPlayer'>, name='Custom TestAgent')

INFO:sample_players:[Errno 2] No such file or directory: 'data.pickle'
INFO:isolation:Initial game state: Isolation(board=41521893553338893853282135252658175, ply_count=2, locs=(28, 100))
First agent: Agent(agent_class=<class 'my_custom_player.CustomPlayer'>, name='Custom TestAgent')
Second agent: Agent(agent_class=<class 'sample_players.GreedyPlayer'>, name='Greedy Agent')

INFO:isolation:Status: Status.GAME_OVER
Final State: Isolation(board=38601018447108775841265070191814636, ply_count=52, locs=(48, 75))
History: [<Action.ENE: 11>, <Action.NNE: 25>, <Action.SSW: -25>, <Action.SSE: -27>, <Action.SSW: -25>, <Action.SSW: -25>, <Action.WNW: 15>, <Action.WNW: 15>, <Action.ENE: 11>, <Action.WNW: 15>, <Action.NNE: 25>, <Action.SSE: -27>, <Action.SSE: -27>, <Action.ENE: 11>, <Action.NNE: 25>, <Action.ESE: -15>, <Action.WSW: -11>, <Action.NNW: 27>, <Action.WSW: -11>, <Action.NNE: 25>, <Action.SSW: -25>, <Action.WSW: -11>, <Action.WNW: 15>, <Action.SSE: -27>, <Action.NNE: 25>, <Action.NNE: 25>, <Action.NNE: 25>, <Action.NNW: 27>, <Action.WSW: -11>, <Action.NNW: 27>, <Action.ESE: -15>, <Action.WNW: 15>, <Action.WSW: -11>, <Action.SSW: -25>, <Action.NNE: 25>, <Action.SSW: -25>, <Action.WSW: -11>, <Action.ESE: -15>, <Action.ESE: -15>, <Action.NNW: 27>, <Action.SSW: -25>, <Action.NNE: 25>, <Action.ESE: -15>, <Action.WSW: -11>, <Action.NNW: 27>, <Action.NNW: 27>, <Action.NNW: 27>, <Action.WSW: -11>, <Action.SSW: -25>, <Action.SSW: -25>]
Winner: Agent(agent_class=<class 'sample_players.GreedyPlayer'>, name='Greedy Agent')
Loser: Agent(agent_class=<class 'my_custom_player.CustomPlayer'>, name='Custom TestAgent')

INFO:sample_players:[Errno 2] No such file or directory: 'data.pickle'
INFO:isolation:Initial game state: Isolation(board=41523161049196617172011097593473023, ply_count=2, locs=(87, 28))
First agent: Agent(agent_class=<class 'sample_players.GreedyPlayer'>, name='Greedy Agent')
Second agent: Agent(agent_class=<class 'my_custom_player.CustomPlayer'>, name='Custom TestAgent')

INFO:isolation:Status: Status.GAME_OVER
Final State: Isolation(board=40568231434345284183633847856596976, ply_count=62, locs=(98, 78))
History: [<Action.SSE: -27>, <Action.ESE: -15>, <Action.NNE: 25>, <Action.ESE: -15>, <Action.NNW: 27>, <Action.ENE: 11>, <Action.WSW: -11>, <Action.SSE: -27>, <Action.SSE: -27>, <Action.SSW: -25>, <Action.ESE: -15>, <Action.WNW: 15>, <Action.NNW: 27>, <Action.WSW: -11>, <Action.SSW: -25>, <Action.NNE: 25>, <Action.ENE: 11>, <Action.NNE: 25>, <Action.NNW: 27>, <Action.WSW: -11>, <Action.WNW: 15>, <Action.ESE: -15>, <Action.SSW: -25>, <Action.SSW: -25>, <Action.ENE: 11>, <Action.WSW: -11>, <Action.ENE: 11>, <Action.NNE: 25>, <Action.NNW: 27>, <Action.NNE: 25>, <Action.NNE: 25>, <Action.WNW: 15>, <Action.WSW: -11>, <Action.SSE: -27>, <Action.SSW: -25>, <Action.SSW: -25>, <Action.SSW: -25>, <Action.ENE: 11>, <Action.SSW: -25>, <Action.SSW: -25>, <Action.ESE: -15>, <Action.ENE: 11>, <Action.ENE: 11>, <Action.NNE: 25>, <Action.NNE: 25>, <Action.ENE: 11>, <Action.NNW: 27>, <Action.WNW: 15>, <Action.NNE: 25>, <Action.NNE: 25>, <Action.WNW: 15>, <Action.SSE: -27>, <Action.WSW: -11>, <Action.WSW: -11>, <Action.WSW: -11>, <Action.NNE: 25>, <Action.NNE: 25>, <Action.ENE: 11>, <Action.WSW: -11>, <Action.SSE: -27>]
Winner: Agent(agent_class=<class 'my_custom_player.CustomPlayer'>, name='Custom TestAgent')
Loser: Agent(agent_class=<class 'sample_players.GreedyPlayer'>, name='Greedy Agent')

INFO:sample_players:[Errno 2] No such file or directory: 'data.pickle'
INFO:isolation:Initial game state: Isolation(board=41442031565524515400987842950719487, ply_count=2, locs=(28, 106))
First agent: Agent(agent_class=<class 'my_custom_player.CustomPlayer'>, name='Custom TestAgent')
Second agent: Agent(agent_class=<class 'sample_players.GreedyPlayer'>, name='Greedy Agent')

INFO:isolation:Status: Status.GAME_OVER
Final State: Isolation(board=41381154597425649928824701371451385, ply_count=35, locs=(39, 72))
History: [<Action.ESE: -15>, <Action.SSW: -25>, <Action.WSW: -11>, <Action.SSE: -27>, <Action.NNW: 27>, <Action.WNW: 15>, <Action.ESE: -15>, <Action.ENE: 11>, <Action.NNW: 27>, <Action.SSW: -25>, <Action.SSW: -25>, <Action.NNW: 27>, <Action.ESE: -15>, <Action.ESE: -15>, <Action.NNE: 25>, <Action.SSW: -25>, <Action.NNW: 27>, <Action.WSW: -11>, <Action.NNE: 25>, <Action.WNW: 15>, <Action.NNW: 27>, <Action.NNW: 27>, <Action.WSW: -11>, <Action.ENE: 11>, <Action.ESE: -15>, <Action.SSW: -25>, <Action.NNE: 25>, <Action.SSE: -27>, <Action.WSW: -11>, <Action.WNW: 15>, <Action.SSE: -27>, <Action.NNE: 25>, <Action.SSE: -27>]
Winner: Agent(agent_class=<class 'sample_players.GreedyPlayer'>, name='Greedy Agent')
Loser: Agent(agent_class=<class 'my_custom_player.CustomPlayer'>, name='Custom TestAgent')

INFO:sample_players:[Errno 2] No such file or directory: 'data.pickle'
INFO:isolation:Initial game state: Isolation(board=41523161165253495855015498365265919, ply_count=2, locs=(85, 28))
First agent: Agent(agent_class=<class 'sample_players.GreedyPlayer'>, name='Greedy Agent')
Second agent: Agent(agent_class=<class 'my_custom_player.CustomPlayer'>, name='Custom TestAgent')

INFO:isolation:Status: Status.GAME_OVER
Final State: Isolation(board=30934534543253646512676144253248776, ply_count=69, locs=(7, 21))
History: [<Action.ESE: -15>, <Action.ENE: 11>, <Action.ENE: 11>, <Action.SSW: -25>, <Action.ESE: -15>, <Action.WNW: 15>, <Action.SSE: -27>, <Action.SSE: -27>, <Action.WSW: -11>, <Action.NNE: 25>, <Action.NNE: 25>, <Action.SSE: -27>, <Action.NNE: 25>, <Action.WNW: 15>, <Action.WSW: -11>, <Action.WSW: -11>, <Action.WNW: 15>, <Action.WNW: 15>, <Action.SSW: -25>, <Action.NNE: 25>, <Action.SSE: -27>, <Action.SSE: -27>, <Action.WNW: 15>, <Action.WSW: -11>, <Action.ENE: 11>, <Action.NNE: 25>, <Action.NNW: 27>, <Action.WNW: 15>, <Action.SSW: -25>, <Action.NNE: 25>, <Action.ESE: -15>, <Action.ENE: 11>, <Action.WSW: -11>, <Action.NNE: 25>, <Action.NNW: 27>, <Action.WSW: -11>, <Action.NNE: 25>, <Action.ESE: -15>, <Action.ENE: 11>, <Action.SSW: -25>, <Action.SSE: -27>, <Action.ENE: 11>, <Action.SSE: -27>, <Action.NNW: 27>, <Action.SSW: -25>, <Action.ENE: 11>, <Action.WNW: 15>, <Action.SSE: -27>, <Action.WNW: 15>, <Action.SSW: -25>, <Action.NNE: 25>, <Action.SSE: -27>, <Action.NNE: 25>, <Action.SSW: -25>, <Action.WNW: 15>, <Action.WNW: 15>, <Action.SSW: -25>, <Action.WSW: -11>, <Action.ENE: 11>, <Action.WNW: 15>, <Action.SSW: -25>, <Action.WSW: -11>, <Action.SSW: -25>, <Action.NNW: 27>, <Action.SSE: -27>, <Action.ESE: -15>, <Action.ESE: -15>]
Winner: Agent(agent_class=<class 'my_custom_player.CustomPlayer'>, name='Custom TestAgent')
Loser: Agent(agent_class=<class 'sample_players.GreedyPlayer'>, name='Greedy Agent')

INFO:sample_players:[Errno 2] No such file or directory: 'data.pickle'
INFO:isolation:Initial game state: Isolation(board=41520625902738665623880638549452799, ply_count=2, locs=(28, 101))
First agent: Agent(agent_class=<class 'my_custom_player.CustomPlayer'>, name='Custom TestAgent')
Second agent: Agent(agent_class=<class 'sample_players.GreedyPlayer'>, name='Greedy Agent')

INFO:isolation:Status: Status.GAME_OVER
Final State: Isolation(board=6917769872375052423835912638326715, ply_count=63, locs=(98, 22))
History: [<Action.ESE: -15>, <Action.NNE: 25>, <Action.ENE: 11>, <Action.NNE: 25>, <Action.SSE: -27>, <Action.WNW: 15>, <Action.SSW: -25>, <Action.WSW: -11>, <Action.WNW: 15>, <Action.WSW: -11>, <Action.WSW: -11>, <Action.SSW: -25>, <Action.NNE: 25>, <Action.ENE: 11>, <Action.NNE: 25>, <Action.NNW: 27>, <Action.WSW: -11>, <Action.NNE: 25>, <Action.SSE: -27>, <Action.ESE: -15>, <Action.WSW: -11>, <Action.ENE: 11>, <Action.NNE: 25>, <Action.SSW: -25>, <Action.SSE: -27>, <Action.SSW: -25>, <Action.WNW: 15>, <Action.ESE: -15>, <Action.SSE: -27>, <Action.NNW: 27>, <Action.ENE: 11>, <Action.NNE: 25>, <Action.ESE: -15>, <Action.WNW: 15>, <Action.NNE: 25>, <Action.WSW: -11>, <Action.WSW: -11>, <Action.WNW: 15>, <Action.ESE: -15>, <Action.SSW: -25>, <Action.NNW: 27>, <Action.WNW: 15>, <Action.ESE: -15>, <Action.SSE: -27>, <Action.SSW: -25>, <Action.NNE: 25>, <Action.WNW: 15>, <Action.WNW: 15>, <Action.WSW: -11>, <Action.SSE: -27>, <Action.WNW: 15>, <Action.SSW: -25>, <Action.NNW: 27>, <Action.SSE: -27>, <Action.NNE: 25>, <Action.NNE: 25>, <Action.WNW: 15>, <Action.WSW: -11>, <Action.NNE: 25>, <Action.SSE: -27>, <Action.ESE: -15>]
Winner: Agent(agent_class=<class 'my_custom_player.CustomPlayer'>, name='Custom TestAgent')
Loser: Agent(agent_class=<class 'sample_players.GreedyPlayer'>, name='Greedy Agent')

INFO:sample_players:[Errno 2] No such file or directory: 'data.pickle'
INFO:isolation:Initial game state: Isolation(board=36330864345404294454153135626643455, ply_count=2, locs=(112, 28))
First agent: Agent(agent_class=<class 'sample_players.GreedyPlayer'>, name='Greedy Agent')
Second agent: Agent(agent_class=<class 'my_custom_player.CustomPlayer'>, name='Custom TestAgent')

INFO:isolation:Status: Status.GAME_OVER
Final State: Isolation(board=31255196139344343656801743872222655, ply_count=66, locs=(98, 105))
History: [<Action.WSW: -11>, <Action.ESE: -15>, <Action.WSW: -11>, <Action.ESE: -15>, <Action.WNW: 15>, <Action.ENE: 11>, <Action.WNW: 15>, <Action.ESE: -15>, <Action.SSE: -27>, <Action.SSW: -25>, <Action.NNE: 25>, <Action.NNW: 27>, <Action.WSW: -11>, <Action.ENE: 11>, <Action.NNE: 25>, <Action.SSW: -25>, <Action.NNW: 27>, <Action.SSW: -25>, <Action.NNE: 25>, <Action.ENE: 11>, <Action.ENE: 11>, <Action.NNW: 27>, <Action.ESE: -15>, <Action.WNW: 15>, <Action.ENE: 11>, <Action.WSW: -11>, <Action.ESE: -15>, <Action.SSW: -25>, <Action.SSE: -27>, <Action.ENE: 11>, <Action.SSW: -25>, <Action.ESE: -15>, <Action.SSW: -25>, <Action.NNW: 27>, <Action.ENE: 11>, <Action.ENE: 11>, <Action.NNW: 27>, <Action.SSE: -27>, <Action.NNE: 25>, <Action.SSW: -25>, <Action.WNW: 15>, <Action.WSW: -11>, <Action.WNW: 15>, <Action.WNW: 15>, <Action.WSW: -11>, <Action.NNW: 27>, <Action.WNW: 15>, <Action.SSW: -25>, <Action.SSE: -27>, <Action.ENE: 11>, <Action.WSW: -11>, <Action.ESE: -15>, <Action.NNE: 25>, <Action.ESE: -15>, <Action.ENE: 11>, <Action.ENE: 11>, <Action.ESE: -15>, <Action.NNE: 25>, <Action.WSW: -11>, <Action.NNW: 27>, <Action.NNE: 25>, <Action.WNW: 15>, <Action.WSW: -11>, <Action.ENE: 11>]
Winner: Agent(agent_class=<class 'my_custom_player.CustomPlayer'>, name='Custom TestAgent')
Loser: Agent(agent_class=<class 'sample_players.GreedyPlayer'>, name='Greedy Agent')

INFO:isolation:Status: Status.GAME_OVER
Final State: Isolation(board=32150632522604991233497620275019787, ply_count=76, locs=(93, 53))
History: [<Action.SSE: -27>, <Action.ESE: -15>, <Action.ESE: -15>, <Action.WSW: -11>, <Action.ENE: 11>, <Action.WNW: 15>, <Action.SSE: -27>, <Action.WSW: -11>, <Action.WNW: 15>, <Action.WNW: 15>, <Action.ENE: 11>, <Action.WSW: -11>, <Action.SSW: -25>, <Action.NNE: 25>, <Action.SSW: -25>, <Action.NNE: 25>, <Action.ENE: 11>, <Action.ESE: -15>, <Action.NNW: 27>, <Action.SSE: -27>, <Action.WNW: 15>, <Action.WSW: -11>, <Action.WSW: -11>, <Action.NNE: 25>, <Action.SSW: -25>, <Action.SSE: -27>, <Action.ENE: 11>, <Action.WNW: 15>, <Action.WNW: 15>, <Action.WSW: -11>, <Action.ENE: 11>, <Action.NNE: 25>, <Action.SSW: -25>, <Action.WNW: 15>, <Action.NNW: 27>, <Action.SSE: -27>, <Action.ESE: -15>, <Action.ENE: 11>, <Action.ENE: 11>, <Action.ENE: 11>, <Action.ESE: -15>, <Action.ESE: -15>, <Action.SSW: -25>, <Action.SSW: -25>, <Action.ESE: -15>, <Action.WNW: 15>, <Action.WSW: -11>, <Action.WSW: -11>, <Action.WNW: 15>, <Action.WNW: 15>, <Action.WNW: 15>, <Action.NNE: 25>, <Action.WNW: 15>, <Action.NNW: 27>, <Action.NNW: 27>, <Action.NNE: 25>, <Action.ENE: 11>, <Action.ENE: 11>, <Action.ENE: 11>, <Action.ESE: -15>, <Action.ESE: -15>, <Action.ENE: 11>, <Action.ENE: 11>, <Action.ESE: -15>, <Action.SSE: -27>, <Action.SSE: -27>, <Action.WNW: 15>, <Action.SSW: -25>, <Action.ENE: 11>, <Action.SSW: -25>, <Action.SSE: -27>, <Action.ENE: 11>, <Action.WNW: 15>, <Action.NNW: 27>]
Winner: Agent(agent_class=<class 'sample_players.GreedyPlayer'>, name='Greedy Agent')
Loser: Agent(agent_class=<class 'my_custom_player.CustomPlayer'>, name='Custom TestAgent')

INFO:__main__:Your agent Custom TestAgent won 65.0% of matches against Greedy Agent
